<?xml version="1.0" encoding="UTF-8"?>
<robot generator="Robot 7.0 (Python 3.12.2 on win32)" generated="2024-05-14T15:06:37.625601" rpa="false" schemaversion="5">
<suite id="s1" name="Qacoders usuarios" source="c:\PROJETOS\Desenvolvimento\Chips-academy-front-robot\tests\Qacoders_usuarios.robot">
<test id="s1-t1" name="Caso de teste 01: Cadastrar um novo usuário com sucesso" line="8">
<kw name="Abrir o navegador" owner="Qacoders_resourcesUsuarios" type="SETUP">
<kw name="Open Browser" owner="SeleniumLibrary">
<msg time="2024-05-14T15:06:37.929520" level="INFO">Opening browser 'Chrome' to base url 'None'.</msg>
<msg time="2024-05-14T15:06:40.289048" level="WARN">The chromedriver version (123.0.6312.86) detected in PATH at C:\Users\Isabella\AppData\Local\Programs\Python\Python312\Scripts\chromedriver.exe might not be compatible with the detected chrome version (124.0.6367.119); currently, chromedriver 124.0.6367.207 is recommended for chrome 124.*, so it is advised to delete the driver in PATH and retry</msg>
<arg>browser=Chrome</arg>
<doc>Opens a new browser instance to the optional ``url``.</doc>
<status status="PASS" start="2024-05-14T15:06:37.929520" elapsed="3.972563"/>
</kw>
<kw name="Maximize Browser Window" owner="SeleniumLibrary">
<doc>Maximizes current browser window.</doc>
<status status="PASS" start="2024-05-14T15:06:41.903080" elapsed="0.132177"/>
</kw>
<status status="PASS" start="2024-05-14T15:06:37.928524" elapsed="4.107728"/>
</kw>
<kw name="Acessar a home page do site QaCoders" owner="Qacoders_resourcesUsuarios">
<kw name="Go To" owner="SeleniumLibrary">
<msg time="2024-05-14T15:06:42.038248" level="INFO">Opening url 'https://automacao.qacoders-academy.com.br/login'</msg>
<arg>url=${URL}</arg>
<doc>Navigates the current browser window to the provided ``url``.</doc>
<status status="PASS" start="2024-05-14T15:06:42.038248" elapsed="3.231687"/>
</kw>
<kw name="Wait Until Element Is Visible" owner="SeleniumLibrary">
<arg>locator=//h3[contains(.,'Login')]</arg>
<doc>Waits until the element ``locator`` is visible.</doc>
<status status="PASS" start="2024-05-14T15:06:45.269935" elapsed="0.057933"/>
</kw>
<status status="PASS" start="2024-05-14T15:06:42.036252" elapsed="3.291616"/>
</kw>
<kw name="Digitar email válido" owner="Qacoders_resourcesUsuarios">
<kw name="Input Text" owner="SeleniumLibrary">
<msg time="2024-05-14T15:06:45.329537" level="INFO">Typing text 'sysadmin@qacoders.com' into text field 'email'.</msg>
<arg>locator=email</arg>
<arg>text=${EMAIL}</arg>
<doc>Types the given ``text`` into the text field identified by ``locator``.</doc>
<status status="PASS" start="2024-05-14T15:06:45.328536" elapsed="0.227306"/>
</kw>
<status status="PASS" start="2024-05-14T15:06:45.328536" elapsed="0.228301"/>
</kw>
<kw name="Digitar senha válida" owner="Qacoders_resourcesUsuarios">
<kw name="Input Text" owner="SeleniumLibrary">
<msg time="2024-05-14T15:06:45.559843" level="INFO">Typing text '1234@Test' into text field 'password'.</msg>
<arg>locator=password</arg>
<arg>text=${SENHA_ADM}</arg>
<doc>Types the given ``text`` into the text field identified by ``locator``.</doc>
<status status="PASS" start="2024-05-14T15:06:45.558834" elapsed="0.151000"/>
</kw>
<status status="PASS" start="2024-05-14T15:06:45.557836" elapsed="0.151998"/>
</kw>
<kw name="Clicar em Entrar" owner="Qacoders_resourcesUsuarios">
<kw name="Click Element" owner="SeleniumLibrary">
<msg time="2024-05-14T15:06:45.711827" level="INFO">Clicking element 'login'.</msg>
<arg>locator=login</arg>
<doc>Click the element identified by ``locator``.</doc>
<status status="PASS" start="2024-05-14T15:06:45.710828" elapsed="0.078312"/>
</kw>
<kw name="Wait Until Element Is Visible" owner="SeleniumLibrary">
<arg>locator=//span[@class='MuiTypography-root MuiTypography-body1 MuiListItemText-primary css-yb0lig'][contains(.,'Cadastros')]</arg>
<doc>Waits until the element ``locator`` is visible.</doc>
<status status="PASS" start="2024-05-14T15:06:45.789140" elapsed="1.771900"/>
</kw>
<status status="PASS" start="2024-05-14T15:06:45.710828" elapsed="1.850212"/>
</kw>
<kw name="Clicar no menu Cadastros" owner="Qacoders_resourcesUsuarios">
<kw name="Click Element" owner="SeleniumLibrary">
<msg time="2024-05-14T15:06:47.563020" level="INFO">Clicking element '//span[@class='MuiTypography-root MuiTypography-body1 MuiListItemText-primary css-yb0lig'][contains(.,'Cadastros')]'.</msg>
<arg>locator=//span[@class='MuiTypography-root MuiTypography-body1 MuiListItemText-primary css-yb0lig'][contains(.,'Cadastros')]</arg>
<doc>Click the element identified by ``locator``.</doc>
<status status="PASS" start="2024-05-14T15:06:47.563020" elapsed="0.083313"/>
</kw>
<status status="PASS" start="2024-05-14T15:06:47.562022" elapsed="0.084311"/>
</kw>
<kw name="Clicar no menu Usuarios" owner="Qacoders_resourcesUsuarios">
<kw name="Click Element" owner="SeleniumLibrary">
<msg time="2024-05-14T15:06:47.649328" level="INFO">Clicking element '//span[@class='MuiTypography-root MuiTypography-body1 MuiListItemText-primary css-yb0lig'][contains(.,'Usuários')]'.</msg>
<arg>locator=//span[@class='MuiTypography-root MuiTypography-body1 MuiListItemText-primary css-yb0lig'][contains(.,'Usuários')]</arg>
<doc>Click the element identified by ``locator``.</doc>
<status status="PASS" start="2024-05-14T15:06:47.648331" elapsed="0.071854"/>
</kw>
<kw name="Wait Until Element Is Visible" owner="SeleniumLibrary">
<arg>locator=//button[@class='css-fvzsut'][contains(.,'Novo Cadastro')]</arg>
<doc>Waits until the element ``locator`` is visible.</doc>
<status status="PASS" start="2024-05-14T15:06:47.720185" elapsed="0.481002"/>
</kw>
<status status="PASS" start="2024-05-14T15:06:47.647329" elapsed="0.554857"/>
</kw>
<kw name="Clicar no botão Novo cadastro" owner="Qacoders_resourcesUsuarios">
<kw name="Click Element" owner="SeleniumLibrary">
<msg time="2024-05-14T15:06:48.203183" level="INFO">Clicking element '//button[@class='css-fvzsut'][contains(.,'Novo Cadastro')]'.</msg>
<arg>locator=//button[@class='css-fvzsut'][contains(.,'Novo Cadastro')]</arg>
<doc>Click the element identified by ``locator``.</doc>
<status status="PASS" start="2024-05-14T15:06:48.203183" elapsed="0.069905"/>
</kw>
<status status="PASS" start="2024-05-14T15:06:48.202186" elapsed="0.070902"/>
</kw>
<kw name="Inserir nome completo" owner="Qacoders_resourcesUsuarios">
<kw name="Click Element" owner="SeleniumLibrary">
<msg time="2024-05-14T15:06:48.277079" level="INFO">Clicking element 'fullName'.</msg>
<arg>locator=fullName</arg>
<doc>Click the element identified by ``locator``.</doc>
<status status="PASS" start="2024-05-14T15:06:48.276080" elapsed="0.251689"/>
</kw>
<kw name="Input Text" owner="SeleniumLibrary">
<msg time="2024-05-14T15:06:48.528754" level="INFO">Typing text ' Maria Seleste Silva' into text field 'fullName'.</msg>
<arg>locator=fullName</arg>
<arg>text= Maria Seleste Silva</arg>
<doc>Types the given ``text`` into the text field identified by ``locator``.</doc>
<status status="PASS" start="2024-05-14T15:06:48.527769" elapsed="0.318389"/>
</kw>
<status status="PASS" start="2024-05-14T15:06:48.275082" elapsed="0.572093"/>
</kw>
<kw name="Inserir email" owner="Qacoders_resourcesUsuarios">
<kw name="Click Element" owner="SeleniumLibrary">
<msg time="2024-05-14T15:06:48.855154" level="INFO">Clicking element 'mail'.</msg>
<arg>locator=mail</arg>
<doc>Click the element identified by ``locator``.</doc>
<status status="PASS" start="2024-05-14T15:06:48.854162" elapsed="0.121804"/>
</kw>
<kw name="Input Text" owner="SeleniumLibrary">
<msg time="2024-05-14T15:06:48.977963" level="INFO">Typing text 'cadastroteste@qacoders.com' into text field 'mail'.</msg>
<arg>locator=mail</arg>
<arg>text=cadastroteste@qacoders.com</arg>
<doc>Types the given ``text`` into the text field identified by ``locator``.</doc>
<status status="PASS" start="2024-05-14T15:06:48.977963" elapsed="0.258144"/>
</kw>
<status status="PASS" start="2024-05-14T15:06:48.853151" elapsed="0.384940"/>
</kw>
<kw name="Inserir Perfil de Acesso" owner="Qacoders_resourcesUsuarios">
<kw name="Click Element" owner="SeleniumLibrary">
<msg time="2024-05-14T15:06:49.242071" level="INFO">Clicking element '//input[contains(@name,'accessProfile')]'.</msg>
<arg>locator=//input[contains(@name,'accessProfile')]</arg>
<doc>Click the element identified by ``locator``.</doc>
<status status="PASS" start="2024-05-14T15:06:49.241095" elapsed="0.056535"/>
</kw>
<kw name="Input Text" owner="SeleniumLibrary">
<msg time="2024-05-14T15:06:49.300632" level="INFO">Typing text ' ADMIN' into text field '//input[contains(@name,'accessProfile')]'.</msg>
<arg>locator=//input[contains(@name,'accessProfile')]</arg>
<arg>text= ADMIN</arg>
<doc>Types the given ``text`` into the text field identified by ``locator``.</doc>
<status status="PASS" start="2024-05-14T15:06:49.297630" elapsed="0.124200"/>
</kw>
<status status="PASS" start="2024-05-14T15:06:49.239081" elapsed="0.184737"/>
</kw>
<kw name=" Inserir CPF" owner="Qacoders_resourcesUsuarios">
<kw name="Click Element" owner="SeleniumLibrary">
<msg time="2024-05-14T15:06:49.428803" level="INFO">Clicking element '//input[contains(@name,'cpf')]'.</msg>
<arg>locator=//input[contains(@name,'cpf')]</arg>
<doc>Click the element identified by ``locator``.</doc>
<status status="PASS" start="2024-05-14T15:06:49.427810" elapsed="0.164340"/>
</kw>
<kw name="Input Text" owner="SeleniumLibrary">
<msg time="2024-05-14T15:06:49.593145" level="INFO">Typing text '00100200345' into text field '//input[contains(@name,'cpf')]'.</msg>
<arg>locator=//input[contains(@name,'cpf')]</arg>
<arg>text=${CPF}</arg>
<doc>Types the given ``text`` into the text field identified by ``locator``.</doc>
<status status="PASS" start="2024-05-14T15:06:49.593145" elapsed="0.108724"/>
</kw>
<status status="PASS" start="2024-05-14T15:06:49.425812" elapsed="0.276057"/>
</kw>
<kw name="Inserir Senha" owner="Qacoders_resourcesUsuarios">
<kw name="Click Element" owner="SeleniumLibrary">
<msg time="2024-05-14T15:06:49.703863" level="INFO">Clicking element '//input[contains(@name,'password')]'.</msg>
<arg>locator=//input[contains(@name,'password')]</arg>
<doc>Click the element identified by ``locator``.</doc>
<status status="PASS" start="2024-05-14T15:06:49.703863" elapsed="0.136222"/>
</kw>
<kw name="Input Password" owner="SeleniumLibrary">
<msg time="2024-05-14T15:06:49.841117" level="INFO">Typing password into text field '//input[contains(@name,'password')]'.</msg>
<msg time="2024-05-14T15:06:49.916039" level="INFO">Temporally setting log level to: NONE</msg>
<arg>locator=//input[contains(@name,'password')]</arg>
<arg>password=${SENHA_NOVO_CADASTRO}</arg>
<doc>Types the given password into the text field identified by ``locator``.</doc>
<status status="PASS" start="2024-05-14T15:06:49.840085" elapsed="0.209803"/>
</kw>
<status status="PASS" start="2024-05-14T15:06:49.702866" elapsed="0.348020"/>
</kw>
<kw name="Confirmar a senha" owner="Qacoders_resourcesUsuarios">
<kw name="Click Element" owner="SeleniumLibrary">
<msg time="2024-05-14T15:06:50.053903" level="INFO">Clicking element '//input[contains(@name,'confirmPassword')]'.</msg>
<arg>locator=//input[contains(@name,'confirmPassword')]</arg>
<doc>Click the element identified by ``locator``.</doc>
<status status="PASS" start="2024-05-14T15:06:50.051882" elapsed="0.127776"/>
</kw>
<kw name="Input Text" owner="SeleniumLibrary">
<msg time="2024-05-14T15:06:50.180654" level="INFO">Typing text 'Test123#' into text field '//input[contains(@name,'confirmPassword')]'.</msg>
<arg>locator=//input[contains(@name,'confirmPassword')]</arg>
<arg>text=${SENHA_NOVO_CADASTRO}</arg>
<doc>Types the given ``text`` into the text field identified by ``locator``.</doc>
<status status="PASS" start="2024-05-14T15:06:50.179658" elapsed="0.167329"/>
</kw>
<status status="PASS" start="2024-05-14T15:06:50.051882" elapsed="0.296104"/>
</kw>
<kw name="Salvar novo usuario" owner="Qacoders_resourcesUsuarios">
<kw name="Click Element" owner="SeleniumLibrary">
<msg time="2024-05-14T15:06:50.351977" level="INFO">Clicking element 'save'.</msg>
<arg>locator=save</arg>
<doc>Click the element identified by ``locator``.</doc>
<status status="PASS" start="2024-05-14T15:06:50.349987" elapsed="0.109253"/>
</kw>
<status status="PASS" start="2024-05-14T15:06:50.348984" elapsed="0.111255"/>
</kw>
<kw name="Fechar o navegador" owner="Qacoders_resourcesUsuarios" type="TEARDOWN">
<kw name="Capture Page Screenshot" owner="SeleniumLibrary">
<msg time="2024-05-14T15:06:50.663020" level="INFO" html="true">&lt;/td&gt;&lt;/tr&gt;&lt;tr&gt;&lt;td colspan="3"&gt;&lt;a href="selenium-screenshot-13.png"&gt;&lt;img src="selenium-screenshot-13.png" width="800px"&gt;&lt;/a&gt;</msg>
<doc>Takes a screenshot of the current page and embeds it into a log file.</doc>
<status status="PASS" start="2024-05-14T15:06:50.466224" elapsed="0.197794"/>
</kw>
<kw name="Close Browser" owner="SeleniumLibrary">
<doc>Closes the current browser.</doc>
<status status="PASS" start="2024-05-14T15:06:50.664018" elapsed="2.362317"/>
</kw>
<status status="PASS" start="2024-05-14T15:06:50.463231" elapsed="2.564145"/>
</kw>
<tag>Cadastro usuário</tag>
<status status="PASS" start="2024-05-14T15:06:37.927526" elapsed="15.100846"/>
</test>
<test id="s1-t2" name="Caso de teste 02: Cadastrar novo usuário sem sucesso- Nome com iniciais minúsculas" line="25">
<kw name="Abrir o navegador" owner="Qacoders_resourcesUsuarios" type="SETUP">
<kw name="Open Browser" owner="SeleniumLibrary">
<msg time="2024-05-14T15:06:53.037251" level="INFO">Opening browser 'Chrome' to base url 'None'.</msg>
<msg time="2024-05-14T15:06:54.100155" level="WARN">The chromedriver version (123.0.6312.86) detected in PATH at C:\Users\Isabella\AppData\Local\Programs\Python\Python312\Scripts\chromedriver.exe might not be compatible with the detected chrome version (124.0.6367.119); currently, chromedriver 124.0.6367.207 is recommended for chrome 124.*, so it is advised to delete the driver in PATH and retry</msg>
<arg>browser=Chrome</arg>
<doc>Opens a new browser instance to the optional ``url``.</doc>
<status status="PASS" start="2024-05-14T15:06:53.036257" elapsed="2.494866"/>
</kw>
<kw name="Maximize Browser Window" owner="SeleniumLibrary">
<doc>Maximizes current browser window.</doc>
<status status="PASS" start="2024-05-14T15:06:55.532120" elapsed="0.137981"/>
</kw>
<status status="PASS" start="2024-05-14T15:06:53.035249" elapsed="2.634852"/>
</kw>
<kw name="Acessar a home page do site QaCoders" owner="Qacoders_resourcesUsuarios">
<kw name="Go To" owner="SeleniumLibrary">
<msg time="2024-05-14T15:06:55.673090" level="INFO">Opening url 'https://automacao.qacoders-academy.com.br/login'</msg>
<arg>url=${URL}</arg>
<doc>Navigates the current browser window to the provided ``url``.</doc>
<status status="PASS" start="2024-05-14T15:06:55.672092" elapsed="2.452414"/>
</kw>
<kw name="Wait Until Element Is Visible" owner="SeleniumLibrary">
<arg>locator=//h3[contains(.,'Login')]</arg>
<doc>Waits until the element ``locator`` is visible.</doc>
<status status="PASS" start="2024-05-14T15:06:58.125503" elapsed="0.062146"/>
</kw>
<status status="PASS" start="2024-05-14T15:06:55.671102" elapsed="2.516547"/>
</kw>
<kw name="Digitar email válido" owner="Qacoders_resourcesUsuarios">
<kw name="Input Text" owner="SeleniumLibrary">
<msg time="2024-05-14T15:06:58.191638" level="INFO">Typing text 'sysadmin@qacoders.com' into text field 'email'.</msg>
<arg>locator=email</arg>
<arg>text=${EMAIL}</arg>
<doc>Types the given ``text`` into the text field identified by ``locator``.</doc>
<status status="PASS" start="2024-05-14T15:06:58.190643" elapsed="0.250497"/>
</kw>
<status status="PASS" start="2024-05-14T15:06:58.189644" elapsed="0.251496"/>
</kw>
<kw name="Digitar senha válida" owner="Qacoders_resourcesUsuarios">
<kw name="Input Text" owner="SeleniumLibrary">
<msg time="2024-05-14T15:06:58.443184" level="INFO">Typing text '1234@Test' into text field 'password'.</msg>
<arg>locator=password</arg>
<arg>text=${SENHA_ADM}</arg>
<doc>Types the given ``text`` into the text field identified by ``locator``.</doc>
<status status="PASS" start="2024-05-14T15:06:58.443184" elapsed="0.141576"/>
</kw>
<status status="PASS" start="2024-05-14T15:06:58.441140" elapsed="0.144621"/>
</kw>
<kw name="Clicar em Entrar" owner="Qacoders_resourcesUsuarios">
<kw name="Click Element" owner="SeleniumLibrary">
<msg time="2024-05-14T15:06:58.588753" level="INFO">Clicking element 'login'.</msg>
<arg>locator=login</arg>
<doc>Click the element identified by ``locator``.</doc>
<status status="PASS" start="2024-05-14T15:06:58.587760" elapsed="0.065217"/>
</kw>
<kw name="Wait Until Element Is Visible" owner="SeleniumLibrary">
<arg>locator=//span[@class='MuiTypography-root MuiTypography-body1 MuiListItemText-primary css-yb0lig'][contains(.,'Cadastros')]</arg>
<doc>Waits until the element ``locator`` is visible.</doc>
<status status="PASS" start="2024-05-14T15:06:58.652977" elapsed="2.581058"/>
</kw>
<status status="PASS" start="2024-05-14T15:06:58.586760" elapsed="2.647275"/>
</kw>
<kw name="Clicar no menu Cadastros" owner="Qacoders_resourcesUsuarios">
<kw name="Click Element" owner="SeleniumLibrary">
<msg time="2024-05-14T15:07:01.236036" level="INFO">Clicking element '//span[@class='MuiTypography-root MuiTypography-body1 MuiListItemText-primary css-yb0lig'][contains(.,'Cadastros')]'.</msg>
<arg>locator=//span[@class='MuiTypography-root MuiTypography-body1 MuiListItemText-primary css-yb0lig'][contains(.,'Cadastros')]</arg>
<doc>Click the element identified by ``locator``.</doc>
<status status="PASS" start="2024-05-14T15:07:01.236036" elapsed="0.055519"/>
</kw>
<status status="PASS" start="2024-05-14T15:07:01.235033" elapsed="0.056522"/>
</kw>
<kw name="Clicar no menu Usuarios" owner="Qacoders_resourcesUsuarios">
<kw name="Click Element" owner="SeleniumLibrary">
<msg time="2024-05-14T15:07:01.293063" level="INFO">Clicking element '//span[@class='MuiTypography-root MuiTypography-body1 MuiListItemText-primary css-yb0lig'][contains(.,'Usuários')]'.</msg>
<arg>locator=//span[@class='MuiTypography-root MuiTypography-body1 MuiListItemText-primary css-yb0lig'][contains(.,'Usuários')]</arg>
<doc>Click the element identified by ``locator``.</doc>
<status status="PASS" start="2024-05-14T15:07:01.293063" elapsed="0.118634"/>
</kw>
<kw name="Wait Until Element Is Visible" owner="SeleniumLibrary">
<arg>locator=//button[@class='css-fvzsut'][contains(.,'Novo Cadastro')]</arg>
<doc>Waits until the element ``locator`` is visible.</doc>
<status status="PASS" start="2024-05-14T15:07:01.413288" elapsed="0.680818"/>
</kw>
<status status="PASS" start="2024-05-14T15:07:01.291555" elapsed="0.802551"/>
</kw>
<kw name="Clicar no botão Novo cadastro" owner="Qacoders_resourcesUsuarios">
<kw name="Click Element" owner="SeleniumLibrary">
<msg time="2024-05-14T15:07:02.096105" level="INFO">Clicking element '//button[@class='css-fvzsut'][contains(.,'Novo Cadastro')]'.</msg>
<arg>locator=//button[@class='css-fvzsut'][contains(.,'Novo Cadastro')]</arg>
<doc>Click the element identified by ``locator``.</doc>
<status status="PASS" start="2024-05-14T15:07:02.096105" elapsed="0.064874"/>
</kw>
<status status="PASS" start="2024-05-14T15:07:02.095102" elapsed="0.065877"/>
</kw>
<kw name="Inserir nome completo em letras minusculas" owner="Qacoders_resourcesUsuarios">
<kw name="Click Element" owner="SeleniumLibrary">
<msg time="2024-05-14T15:07:02.161976" level="INFO">Clicking element 'fullName'.</msg>
<arg>locator=fullName</arg>
<doc>Click the element identified by ``locator``.</doc>
<status status="PASS" start="2024-05-14T15:07:02.161976" elapsed="0.062166"/>
</kw>
<kw name="Input Text" owner="SeleniumLibrary">
<msg time="2024-05-14T15:07:02.225356" level="INFO">Typing text ' joao pereira gomes' into text field 'fullName'.</msg>
<arg>locator=fullName</arg>
<arg>text= joao pereira gomes</arg>
<doc>Types the given ``text`` into the text field identified by ``locator``.</doc>
<status status="PASS" start="2024-05-14T15:07:02.224142" elapsed="0.092497"/>
</kw>
<status status="PASS" start="2024-05-14T15:07:02.161976" elapsed="0.155660"/>
</kw>
<kw name="Inserir email" owner="Qacoders_resourcesUsuarios">
<kw name="Click Element" owner="SeleniumLibrary">
<msg time="2024-05-14T15:07:02.318634" level="INFO">Clicking element 'mail'.</msg>
<arg>locator=mail</arg>
<doc>Click the element identified by ``locator``.</doc>
<status status="PASS" start="2024-05-14T15:07:02.318634" elapsed="0.066402"/>
</kw>
<kw name="Input Text" owner="SeleniumLibrary">
<msg time="2024-05-14T15:07:02.386038" level="INFO">Typing text 'cadastroteste@qacoders.com' into text field 'mail'.</msg>
<arg>locator=mail</arg>
<arg>text=cadastroteste@qacoders.com</arg>
<doc>Types the given ``text`` into the text field identified by ``locator``.</doc>
<status status="PASS" start="2024-05-14T15:07:02.385036" elapsed="0.105104"/>
</kw>
<status status="PASS" start="2024-05-14T15:07:02.317636" elapsed="0.172504"/>
</kw>
<kw name="Inserir Perfil de Acesso" owner="Qacoders_resourcesUsuarios">
<kw name="Click Element" owner="SeleniumLibrary">
<msg time="2024-05-14T15:07:02.492135" level="INFO">Clicking element '//input[contains(@name,'accessProfile')]'.</msg>
<arg>locator=//input[contains(@name,'accessProfile')]</arg>
<doc>Click the element identified by ``locator``.</doc>
<status status="PASS" start="2024-05-14T15:07:02.491137" elapsed="0.049258"/>
</kw>
<kw name="Input Text" owner="SeleniumLibrary">
<msg time="2024-05-14T15:07:02.541393" level="INFO">Typing text ' ADMIN' into text field '//input[contains(@name,'accessProfile')]'.</msg>
<arg>locator=//input[contains(@name,'accessProfile')]</arg>
<arg>text= ADMIN</arg>
<doc>Types the given ``text`` into the text field identified by ``locator``.</doc>
<status status="PASS" start="2024-05-14T15:07:02.541393" elapsed="0.080122"/>
</kw>
<status status="PASS" start="2024-05-14T15:07:02.491137" elapsed="0.130378"/>
</kw>
<kw name=" Inserir CPF" owner="Qacoders_resourcesUsuarios">
<kw name="Click Element" owner="SeleniumLibrary">
<msg time="2024-05-14T15:07:02.624048" level="INFO">Clicking element '//input[contains(@name,'cpf')]'.</msg>
<arg>locator=//input[contains(@name,'cpf')]</arg>
<doc>Click the element identified by ``locator``.</doc>
<status status="PASS" start="2024-05-14T15:07:02.623024" elapsed="0.070760"/>
</kw>
<kw name="Input Text" owner="SeleniumLibrary">
<msg time="2024-05-14T15:07:02.695253" level="INFO">Typing text '00100200345' into text field '//input[contains(@name,'cpf')]'.</msg>
<arg>locator=//input[contains(@name,'cpf')]</arg>
<arg>text=${CPF}</arg>
<doc>Types the given ``text`` into the text field identified by ``locator``.</doc>
<status status="PASS" start="2024-05-14T15:07:02.695253" elapsed="0.087032"/>
</kw>
<status status="PASS" start="2024-05-14T15:07:02.621515" elapsed="0.161774"/>
</kw>
<kw name="Inserir Senha" owner="Qacoders_resourcesUsuarios">
<kw name="Click Element" owner="SeleniumLibrary">
<msg time="2024-05-14T15:07:02.784804" level="INFO">Clicking element '//input[contains(@name,'password')]'.</msg>
<arg>locator=//input[contains(@name,'password')]</arg>
<doc>Click the element identified by ``locator``.</doc>
<status status="PASS" start="2024-05-14T15:07:02.784804" elapsed="0.109515"/>
</kw>
<kw name="Input Password" owner="SeleniumLibrary">
<msg time="2024-05-14T15:07:02.895317" level="INFO">Typing password into text field '//input[contains(@name,'password')]'.</msg>
<msg time="2024-05-14T15:07:02.947382" level="INFO">Temporally setting log level to: NONE</msg>
<arg>locator=//input[contains(@name,'password')]</arg>
<arg>password=${SENHA_NOVO_CADASTRO}</arg>
<doc>Types the given password into the text field identified by ``locator``.</doc>
<status status="PASS" start="2024-05-14T15:07:02.895317" elapsed="0.101948"/>
</kw>
<status status="PASS" start="2024-05-14T15:07:02.783803" elapsed="0.213462"/>
</kw>
<kw name="Confirmar a senha" owner="Qacoders_resourcesUsuarios">
<kw name="Click Element" owner="SeleniumLibrary">
<msg time="2024-05-14T15:07:02.999261" level="INFO">Clicking element '//input[contains(@name,'confirmPassword')]'.</msg>
<arg>locator=//input[contains(@name,'confirmPassword')]</arg>
<doc>Click the element identified by ``locator``.</doc>
<status status="PASS" start="2024-05-14T15:07:02.998263" elapsed="0.079345"/>
</kw>
<kw name="Input Text" owner="SeleniumLibrary">
<msg time="2024-05-14T15:07:03.078603" level="INFO">Typing text 'Test123#' into text field '//input[contains(@name,'confirmPassword')]'.</msg>
<arg>locator=//input[contains(@name,'confirmPassword')]</arg>
<arg>text=${SENHA_NOVO_CADASTRO}</arg>
<doc>Types the given ``text`` into the text field identified by ``locator``.</doc>
<status status="PASS" start="2024-05-14T15:07:03.077608" elapsed="0.062503"/>
</kw>
<status status="PASS" start="2024-05-14T15:07:02.998263" elapsed="0.141848"/>
</kw>
<kw name="Salvar novo usuario" owner="Qacoders_resourcesUsuarios">
<kw name="Click Element" owner="SeleniumLibrary">
<msg time="2024-05-14T15:07:03.141110" level="INFO">Clicking element 'save'.</msg>
<arg>locator=save</arg>
<doc>Click the element identified by ``locator``.</doc>
<status status="PASS" start="2024-05-14T15:07:03.141110" elapsed="0.050457"/>
</kw>
<status status="PASS" start="2024-05-14T15:07:03.140111" elapsed="0.052968"/>
</kw>
<kw name=" Verificar mensagem de erro de nome fora dos critérios de aceite" owner="Qacoders_resourcesUsuarios">
<kw name="Wait Until Element Is Visible" owner="SeleniumLibrary">
<arg>locator=//div[@class='MuiAlert-message css-1xsto0d'][contains(.,'Informe o nome e sobrenome com as iniciais em letra maiúscula e sem caracteres especiais.')]</arg>
<doc>Waits until the element ``locator`` is visible.</doc>
<status status="PASS" start="2024-05-14T15:07:03.194098" elapsed="0.453556"/>
</kw>
<status status="PASS" start="2024-05-14T15:07:03.193079" elapsed="0.454575"/>
</kw>
<kw name="Fechar o navegador" owner="Qacoders_resourcesUsuarios" type="TEARDOWN">
<kw name="Capture Page Screenshot" owner="SeleniumLibrary">
<msg time="2024-05-14T15:07:03.980454" level="INFO" html="true">&lt;/td&gt;&lt;/tr&gt;&lt;tr&gt;&lt;td colspan="3"&gt;&lt;a href="selenium-screenshot-14.png"&gt;&lt;img src="selenium-screenshot-14.png" width="800px"&gt;&lt;/a&gt;</msg>
<doc>Takes a screenshot of the current page and embeds it into a log file.</doc>
<status status="PASS" start="2024-05-14T15:07:03.649161" elapsed="0.332291"/>
</kw>
<kw name="Close Browser" owner="SeleniumLibrary">
<doc>Closes the current browser.</doc>
<status status="PASS" start="2024-05-14T15:07:03.981452" elapsed="2.414067"/>
</kw>
<status status="PASS" start="2024-05-14T15:07:03.649161" elapsed="2.746358"/>
</kw>
<tag>Cadastro usuário</tag>
<status status="PASS" start="2024-05-14T15:06:53.031365" elapsed="13.365168"/>
</test>
<test id="s1-t3" name="Caso de teste 03: Cadastrar novo usuário sem sucesso- Nome com caracteres especiais" line="44">
<kw name="Abrir o navegador" owner="Qacoders_resourcesUsuarios" type="SETUP">
<kw name="Open Browser" owner="SeleniumLibrary">
<msg time="2024-05-14T15:07:06.400507" level="INFO">Opening browser 'Chrome' to base url 'None'.</msg>
<msg time="2024-05-14T15:07:07.303273" level="WARN">The chromedriver version (123.0.6312.86) detected in PATH at C:\Users\Isabella\AppData\Local\Programs\Python\Python312\Scripts\chromedriver.exe might not be compatible with the detected chrome version (124.0.6367.119); currently, chromedriver 124.0.6367.207 is recommended for chrome 124.*, so it is advised to delete the driver in PATH and retry</msg>
<arg>browser=Chrome</arg>
<doc>Opens a new browser instance to the optional ``url``.</doc>
<status status="PASS" start="2024-05-14T15:07:06.400507" elapsed="2.310247"/>
</kw>
<kw name="Maximize Browser Window" owner="SeleniumLibrary">
<doc>Maximizes current browser window.</doc>
<status status="PASS" start="2024-05-14T15:07:08.711752" elapsed="0.129271"/>
</kw>
<status status="PASS" start="2024-05-14T15:07:06.399509" elapsed="2.441514"/>
</kw>
<kw name="Acessar a home page do site QaCoders" owner="Qacoders_resourcesUsuarios">
<kw name="Go To" owner="SeleniumLibrary">
<msg time="2024-05-14T15:07:08.844014" level="INFO">Opening url 'https://automacao.qacoders-academy.com.br/login'</msg>
<arg>url=${URL}</arg>
<doc>Navigates the current browser window to the provided ``url``.</doc>
<status status="PASS" start="2024-05-14T15:07:08.843018" elapsed="2.588984"/>
</kw>
<kw name="Wait Until Element Is Visible" owner="SeleniumLibrary">
<arg>locator=//h3[contains(.,'Login')]</arg>
<doc>Waits until the element ``locator`` is visible.</doc>
<status status="PASS" start="2024-05-14T15:07:11.432002" elapsed="0.057398"/>
</kw>
<status status="PASS" start="2024-05-14T15:07:08.842021" elapsed="2.647379"/>
</kw>
<kw name="Digitar email válido" owner="Qacoders_resourcesUsuarios">
<kw name="Input Text" owner="SeleniumLibrary">
<msg time="2024-05-14T15:07:11.491393" level="INFO">Typing text 'sysadmin@qacoders.com' into text field 'email'.</msg>
<arg>locator=email</arg>
<arg>text=${EMAIL}</arg>
<doc>Types the given ``text`` into the text field identified by ``locator``.</doc>
<status status="PASS" start="2024-05-14T15:07:11.491393" elapsed="0.331613"/>
</kw>
<status status="PASS" start="2024-05-14T15:07:11.490430" elapsed="0.332576"/>
</kw>
<kw name="Digitar senha válida" owner="Qacoders_resourcesUsuarios">
<kw name="Input Text" owner="SeleniumLibrary">
<msg time="2024-05-14T15:07:11.824002" level="INFO">Typing text '1234@Test' into text field 'password'.</msg>
<arg>locator=password</arg>
<arg>text=${SENHA_ADM}</arg>
<doc>Types the given ``text`` into the text field identified by ``locator``.</doc>
<status status="PASS" start="2024-05-14T15:07:11.824002" elapsed="0.111240"/>
</kw>
<status status="PASS" start="2024-05-14T15:07:11.824002" elapsed="0.111240"/>
</kw>
<kw name="Clicar em Entrar" owner="Qacoders_resourcesUsuarios">
<kw name="Click Element" owner="SeleniumLibrary">
<msg time="2024-05-14T15:07:11.937237" level="INFO">Clicking element 'login'.</msg>
<arg>locator=login</arg>
<doc>Click the element identified by ``locator``.</doc>
<status status="PASS" start="2024-05-14T15:07:11.937237" elapsed="0.094791"/>
</kw>
<kw name="Wait Until Element Is Visible" owner="SeleniumLibrary">
<arg>locator=//span[@class='MuiTypography-root MuiTypography-body1 MuiListItemText-primary css-yb0lig'][contains(.,'Cadastros')]</arg>
<doc>Waits until the element ``locator`` is visible.</doc>
<status status="PASS" start="2024-05-14T15:07:12.034023" elapsed="1.918844"/>
</kw>
<status status="PASS" start="2024-05-14T15:07:11.936238" elapsed="2.017625"/>
</kw>
<kw name="Clicar no menu Cadastros" owner="Qacoders_resourcesUsuarios">
<kw name="Click Element" owner="SeleniumLibrary">
<msg time="2024-05-14T15:07:13.957396" level="INFO">Clicking element '//span[@class='MuiTypography-root MuiTypography-body1 MuiListItemText-primary css-yb0lig'][contains(.,'Cadastros')]'.</msg>
<arg>locator=//span[@class='MuiTypography-root MuiTypography-body1 MuiListItemText-primary css-yb0lig'][contains(.,'Cadastros')]</arg>
<doc>Click the element identified by ``locator``.</doc>
<status status="PASS" start="2024-05-14T15:07:13.957396" elapsed="0.072990"/>
</kw>
<status status="PASS" start="2024-05-14T15:07:13.955861" elapsed="0.074525"/>
</kw>
<kw name="Clicar no menu Usuarios" owner="Qacoders_resourcesUsuarios">
<kw name="Click Element" owner="SeleniumLibrary">
<msg time="2024-05-14T15:07:14.035373" level="INFO">Clicking element '//span[@class='MuiTypography-root MuiTypography-body1 MuiListItemText-primary css-yb0lig'][contains(.,'Usuários')]'.</msg>
<arg>locator=//span[@class='MuiTypography-root MuiTypography-body1 MuiListItemText-primary css-yb0lig'][contains(.,'Usuários')]</arg>
<doc>Click the element identified by ``locator``.</doc>
<status status="PASS" start="2024-05-14T15:07:14.033378" elapsed="0.102862"/>
</kw>
<kw name="Wait Until Element Is Visible" owner="SeleniumLibrary">
<arg>locator=//button[@class='css-fvzsut'][contains(.,'Novo Cadastro')]</arg>
<doc>Waits until the element ``locator`` is visible.</doc>
<status status="PASS" start="2024-05-14T15:07:14.137249" elapsed="0.726438"/>
</kw>
<status status="PASS" start="2024-05-14T15:07:14.032380" elapsed="0.832305"/>
</kw>
<kw name="Clicar no botão Novo cadastro" owner="Qacoders_resourcesUsuarios">
<kw name="Click Element" owner="SeleniumLibrary">
<msg time="2024-05-14T15:07:14.869672" level="INFO">Clicking element '//button[@class='css-fvzsut'][contains(.,'Novo Cadastro')]'.</msg>
<arg>locator=//button[@class='css-fvzsut'][contains(.,'Novo Cadastro')]</arg>
<doc>Click the element identified by ``locator``.</doc>
<status status="PASS" start="2024-05-14T15:07:14.869672" elapsed="0.093270"/>
</kw>
<status status="PASS" start="2024-05-14T15:07:14.868676" elapsed="0.095275"/>
</kw>
<kw name="Inserir nome completo com caracteres especiais" owner="Qacoders_resourcesUsuarios">
<kw name="Click Element" owner="SeleniumLibrary">
<msg time="2024-05-14T15:07:14.965933" level="INFO">Clicking element 'fullName'.</msg>
<arg>locator=fullName</arg>
<doc>Click the element identified by ``locator``.</doc>
<status status="PASS" start="2024-05-14T15:07:14.964935" elapsed="0.082308"/>
</kw>
<kw name="Input Text" owner="SeleniumLibrary">
<msg time="2024-05-14T15:07:15.047243" level="INFO">Typing text ' M@ria Seleste' into text field 'fullName'.</msg>
<arg>locator=fullName</arg>
<arg>text= M@ria Seleste</arg>
<doc>Types the given ``text`` into the text field identified by ``locator``.</doc>
<status status="PASS" start="2024-05-14T15:07:15.047243" elapsed="0.180895"/>
</kw>
<status status="PASS" start="2024-05-14T15:07:14.963951" elapsed="0.265184"/>
</kw>
<kw name="Inserir email" owner="Qacoders_resourcesUsuarios">
<kw name="Click Element" owner="SeleniumLibrary">
<msg time="2024-05-14T15:07:15.231130" level="INFO">Clicking element 'mail'.</msg>
<arg>locator=mail</arg>
<doc>Click the element identified by ``locator``.</doc>
<status status="PASS" start="2024-05-14T15:07:15.230133" elapsed="0.140558"/>
</kw>
<kw name="Input Text" owner="SeleniumLibrary">
<msg time="2024-05-14T15:07:15.372674" level="INFO">Typing text 'cadastroteste@qacoders.com' into text field 'mail'.</msg>
<arg>locator=mail</arg>
<arg>text=cadastroteste@qacoders.com</arg>
<doc>Types the given ``text`` into the text field identified by ``locator``.</doc>
<status status="PASS" start="2024-05-14T15:07:15.370691" elapsed="0.121736"/>
</kw>
<status status="PASS" start="2024-05-14T15:07:15.230133" elapsed="0.262294"/>
</kw>
<kw name="Inserir Perfil de Acesso" owner="Qacoders_resourcesUsuarios">
<kw name="Click Element" owner="SeleniumLibrary">
<msg time="2024-05-14T15:07:15.494427" level="INFO">Clicking element '//input[contains(@name,'accessProfile')]'.</msg>
<arg>locator=//input[contains(@name,'accessProfile')]</arg>
<doc>Click the element identified by ``locator``.</doc>
<status status="PASS" start="2024-05-14T15:07:15.494427" elapsed="0.088309"/>
</kw>
<kw name="Input Text" owner="SeleniumLibrary">
<msg time="2024-05-14T15:07:15.583739" level="INFO">Typing text ' ADMIN' into text field '//input[contains(@name,'accessProfile')]'.</msg>
<arg>locator=//input[contains(@name,'accessProfile')]</arg>
<arg>text= ADMIN</arg>
<doc>Types the given ``text`` into the text field identified by ``locator``.</doc>
<status status="PASS" start="2024-05-14T15:07:15.583739" elapsed="0.109308"/>
</kw>
<status status="PASS" start="2024-05-14T15:07:15.492427" elapsed="0.200620"/>
</kw>
<kw name=" Inserir CPF" owner="Qacoders_resourcesUsuarios">
<kw name="Click Element" owner="SeleniumLibrary">
<msg time="2024-05-14T15:07:15.696034" level="INFO">Clicking element '//input[contains(@name,'cpf')]'.</msg>
<arg>locator=//input[contains(@name,'cpf')]</arg>
<doc>Click the element identified by ``locator``.</doc>
<status status="PASS" start="2024-05-14T15:07:15.696034" elapsed="0.076331"/>
</kw>
<kw name="Input Text" owner="SeleniumLibrary">
<msg time="2024-05-14T15:07:15.775479" level="INFO">Typing text '00100200345' into text field '//input[contains(@name,'cpf')]'.</msg>
<arg>locator=//input[contains(@name,'cpf')]</arg>
<arg>text=${CPF}</arg>
<doc>Types the given ``text`` into the text field identified by ``locator``.</doc>
<status status="PASS" start="2024-05-14T15:07:15.773365" elapsed="0.109224"/>
</kw>
<status status="PASS" start="2024-05-14T15:07:15.694050" elapsed="0.189551"/>
</kw>
<kw name="Inserir Senha" owner="Qacoders_resourcesUsuarios">
<kw name="Click Element" owner="SeleniumLibrary">
<msg time="2024-05-14T15:07:15.890579" level="INFO">Clicking element '//input[contains(@name,'password')]'.</msg>
<arg>locator=//input[contains(@name,'password')]</arg>
<doc>Click the element identified by ``locator``.</doc>
<status status="PASS" start="2024-05-14T15:07:15.888583" elapsed="0.105660"/>
</kw>
<kw name="Input Password" owner="SeleniumLibrary">
<msg time="2024-05-14T15:07:15.995239" level="INFO">Typing password into text field '//input[contains(@name,'password')]'.</msg>
<msg time="2024-05-14T15:07:16.176526" level="INFO">Temporally setting log level to: NONE</msg>
<arg>locator=//input[contains(@name,'password')]</arg>
<arg>password=${SENHA_NOVO_CADASTRO}</arg>
<doc>Types the given password into the text field identified by ``locator``.</doc>
<status status="PASS" start="2024-05-14T15:07:15.994243" elapsed="0.249749"/>
</kw>
<status status="PASS" start="2024-05-14T15:07:15.886593" elapsed="0.357399"/>
</kw>
<kw name="Confirmar a senha" owner="Qacoders_resourcesUsuarios">
<kw name="Click Element" owner="SeleniumLibrary">
<msg time="2024-05-14T15:07:16.247010" level="INFO">Clicking element '//input[contains(@name,'confirmPassword')]'.</msg>
<arg>locator=//input[contains(@name,'confirmPassword')]</arg>
<doc>Click the element identified by ``locator``.</doc>
<status status="PASS" start="2024-05-14T15:07:16.247010" elapsed="0.088264"/>
</kw>
<kw name="Input Text" owner="SeleniumLibrary">
<msg time="2024-05-14T15:07:16.339284" level="INFO">Typing text 'Test123#' into text field '//input[contains(@name,'confirmPassword')]'.</msg>
<arg>locator=//input[contains(@name,'confirmPassword')]</arg>
<arg>text=${SENHA_NOVO_CADASTRO}</arg>
<doc>Types the given ``text`` into the text field identified by ``locator``.</doc>
<status status="PASS" start="2024-05-14T15:07:16.336280" elapsed="0.102068"/>
</kw>
<status status="PASS" start="2024-05-14T15:07:16.245003" elapsed="0.193345"/>
</kw>
<kw name="Salvar novo usuario" owner="Qacoders_resourcesUsuarios">
<kw name="Click Element" owner="SeleniumLibrary">
<msg time="2024-05-14T15:07:16.442336" level="INFO">Clicking element 'save'.</msg>
<arg>locator=save</arg>
<doc>Click the element identified by ``locator``.</doc>
<status status="PASS" start="2024-05-14T15:07:16.442336" elapsed="0.097306"/>
</kw>
<status status="PASS" start="2024-05-14T15:07:16.440341" elapsed="0.099301"/>
</kw>
<kw name=" Verificar mensagem de erro de nome fora dos critérios de aceite" owner="Qacoders_resourcesUsuarios">
<kw name="Wait Until Element Is Visible" owner="SeleniumLibrary">
<arg>locator=//div[@class='MuiAlert-message css-1xsto0d'][contains(.,'Informe o nome e sobrenome com as iniciais em letra maiúscula e sem caracteres especiais.')]</arg>
<doc>Waits until the element ``locator`` is visible.</doc>
<status status="PASS" start="2024-05-14T15:07:16.543642" elapsed="0.461633"/>
</kw>
<status status="PASS" start="2024-05-14T15:07:16.542638" elapsed="0.462637"/>
</kw>
<kw name="Fechar o navegador" owner="Qacoders_resourcesUsuarios" type="TEARDOWN">
<kw name="Capture Page Screenshot" owner="SeleniumLibrary">
<msg time="2024-05-14T15:07:17.206815" level="INFO" html="true">&lt;/td&gt;&lt;/tr&gt;&lt;tr&gt;&lt;td colspan="3"&gt;&lt;a href="selenium-screenshot-15.png"&gt;&lt;img src="selenium-screenshot-15.png" width="800px"&gt;&lt;/a&gt;</msg>
<doc>Takes a screenshot of the current page and embeds it into a log file.</doc>
<status status="PASS" start="2024-05-14T15:07:17.011261" elapsed="0.195554"/>
</kw>
<kw name="Close Browser" owner="SeleniumLibrary">
<doc>Closes the current browser.</doc>
<status status="PASS" start="2024-05-14T15:07:17.207821" elapsed="2.282321"/>
</kw>
<status status="PASS" start="2024-05-14T15:07:17.009268" elapsed="2.480874"/>
</kw>
<tag>Cadastro usuário</tag>
<status status="PASS" start="2024-05-14T15:07:06.398513" elapsed="13.093592"/>
</test>
<test id="s1-t4" name="Caso de teste 04: Cadastrar novo usuário sem sucesso- Email fora dos critérios de aceite" line="62">
<kw name="Abrir o navegador" owner="Qacoders_resourcesUsuarios" type="SETUP">
<kw name="Open Browser" owner="SeleniumLibrary">
<msg time="2024-05-14T15:07:19.496129" level="INFO">Opening browser 'Chrome' to base url 'None'.</msg>
<msg time="2024-05-14T15:07:20.424315" level="WARN">The chromedriver version (123.0.6312.86) detected in PATH at C:\Users\Isabella\AppData\Local\Programs\Python\Python312\Scripts\chromedriver.exe might not be compatible with the detected chrome version (124.0.6367.119); currently, chromedriver 124.0.6367.207 is recommended for chrome 124.*, so it is advised to delete the driver in PATH and retry</msg>
<arg>browser=Chrome</arg>
<doc>Opens a new browser instance to the optional ``url``.</doc>
<status status="PASS" start="2024-05-14T15:07:19.495100" elapsed="2.484410"/>
</kw>
<kw name="Maximize Browser Window" owner="SeleniumLibrary">
<doc>Maximizes current browser window.</doc>
<status status="PASS" start="2024-05-14T15:07:21.979510" elapsed="0.141056"/>
</kw>
<status status="PASS" start="2024-05-14T15:07:19.495100" elapsed="2.625466"/>
</kw>
<kw name="Acessar a home page do site QaCoders" owner="Qacoders_resourcesUsuarios">
<kw name="Go To" owner="SeleniumLibrary">
<msg time="2024-05-14T15:07:22.122569" level="INFO">Opening url 'https://automacao.qacoders-academy.com.br/login'</msg>
<arg>url=${URL}</arg>
<doc>Navigates the current browser window to the provided ``url``.</doc>
<status status="PASS" start="2024-05-14T15:07:22.122569" elapsed="2.600131"/>
</kw>
<kw name="Wait Until Element Is Visible" owner="SeleniumLibrary">
<arg>locator=//h3[contains(.,'Login')]</arg>
<doc>Waits until the element ``locator`` is visible.</doc>
<status status="PASS" start="2024-05-14T15:07:24.722700" elapsed="0.055741"/>
</kw>
<status status="PASS" start="2024-05-14T15:07:22.121563" elapsed="2.656878"/>
</kw>
<kw name="Digitar email válido" owner="Qacoders_resourcesUsuarios">
<kw name="Input Text" owner="SeleniumLibrary">
<msg time="2024-05-14T15:07:24.780438" level="INFO">Typing text 'sysadmin@qacoders.com' into text field 'email'.</msg>
<arg>locator=email</arg>
<arg>text=${EMAIL}</arg>
<doc>Types the given ``text`` into the text field identified by ``locator``.</doc>
<status status="PASS" start="2024-05-14T15:07:24.779441" elapsed="0.165965"/>
</kw>
<status status="PASS" start="2024-05-14T15:07:24.779441" elapsed="0.165965"/>
</kw>
<kw name="Digitar senha válida" owner="Qacoders_resourcesUsuarios">
<kw name="Input Text" owner="SeleniumLibrary">
<msg time="2024-05-14T15:07:24.949396" level="INFO">Typing text '1234@Test' into text field 'password'.</msg>
<arg>locator=password</arg>
<arg>text=${SENHA_ADM}</arg>
<doc>Types the given ``text`` into the text field identified by ``locator``.</doc>
<status status="PASS" start="2024-05-14T15:07:24.948422" elapsed="0.128169"/>
</kw>
<status status="PASS" start="2024-05-14T15:07:24.946419" elapsed="0.130172"/>
</kw>
<kw name="Clicar em Entrar" owner="Qacoders_resourcesUsuarios">
<kw name="Click Element" owner="SeleniumLibrary">
<msg time="2024-05-14T15:07:25.077589" level="INFO">Clicking element 'login'.</msg>
<arg>locator=login</arg>
<doc>Click the element identified by ``locator``.</doc>
<status status="PASS" start="2024-05-14T15:07:25.077589" elapsed="0.073839"/>
</kw>
<kw name="Wait Until Element Is Visible" owner="SeleniumLibrary">
<arg>locator=//span[@class='MuiTypography-root MuiTypography-body1 MuiListItemText-primary css-yb0lig'][contains(.,'Cadastros')]</arg>
<doc>Waits until the element ``locator`` is visible.</doc>
<status status="PASS" start="2024-05-14T15:07:25.152426" elapsed="2.775691"/>
</kw>
<status status="PASS" start="2024-05-14T15:07:25.077589" elapsed="2.850528"/>
</kw>
<kw name="Clicar no menu Cadastros" owner="Qacoders_resourcesUsuarios">
<kw name="Click Element" owner="SeleniumLibrary">
<msg time="2024-05-14T15:07:27.930117" level="INFO">Clicking element '//span[@class='MuiTypography-root MuiTypography-body1 MuiListItemText-primary css-yb0lig'][contains(.,'Cadastros')]'.</msg>
<arg>locator=//span[@class='MuiTypography-root MuiTypography-body1 MuiListItemText-primary css-yb0lig'][contains(.,'Cadastros')]</arg>
<doc>Click the element identified by ``locator``.</doc>
<status status="PASS" start="2024-05-14T15:07:27.929113" elapsed="0.066569"/>
</kw>
<status status="PASS" start="2024-05-14T15:07:27.929113" elapsed="0.066569"/>
</kw>
<kw name="Clicar no menu Usuarios" owner="Qacoders_resourcesUsuarios">
<kw name="Click Element" owner="SeleniumLibrary">
<msg time="2024-05-14T15:07:27.997672" level="INFO">Clicking element '//span[@class='MuiTypography-root MuiTypography-body1 MuiListItemText-primary css-yb0lig'][contains(.,'Usuários')]'.</msg>
<arg>locator=//span[@class='MuiTypography-root MuiTypography-body1 MuiListItemText-primary css-yb0lig'][contains(.,'Usuários')]</arg>
<doc>Click the element identified by ``locator``.</doc>
<status status="PASS" start="2024-05-14T15:07:27.997672" elapsed="0.080312"/>
</kw>
<kw name="Wait Until Element Is Visible" owner="SeleniumLibrary">
<arg>locator=//button[@class='css-fvzsut'][contains(.,'Novo Cadastro')]</arg>
<doc>Waits until the element ``locator`` is visible.</doc>
<status status="PASS" start="2024-05-14T15:07:28.077984" elapsed="1.119707"/>
</kw>
<status status="PASS" start="2024-05-14T15:07:27.996671" elapsed="1.201020"/>
</kw>
<kw name="Clicar no botão Novo cadastro" owner="Qacoders_resourcesUsuarios">
<kw name="Click Element" owner="SeleniumLibrary">
<msg time="2024-05-14T15:07:29.200701" level="INFO">Clicking element '//button[@class='css-fvzsut'][contains(.,'Novo Cadastro')]'.</msg>
<arg>locator=//button[@class='css-fvzsut'][contains(.,'Novo Cadastro')]</arg>
<doc>Click the element identified by ``locator``.</doc>
<status status="PASS" start="2024-05-14T15:07:29.199694" elapsed="0.061540"/>
</kw>
<status status="PASS" start="2024-05-14T15:07:29.198691" elapsed="0.062543"/>
</kw>
<kw name="Inserir nome completo" owner="Qacoders_resourcesUsuarios">
<kw name="Click Element" owner="SeleniumLibrary">
<msg time="2024-05-14T15:07:29.263238" level="INFO">Clicking element 'fullName'.</msg>
<arg>locator=fullName</arg>
<doc>Click the element identified by ``locator``.</doc>
<status status="PASS" start="2024-05-14T15:07:29.263238" elapsed="0.086973"/>
</kw>
<kw name="Input Text" owner="SeleniumLibrary">
<msg time="2024-05-14T15:07:29.351210" level="INFO">Typing text ' Maria Seleste Silva' into text field 'fullName'.</msg>
<arg>locator=fullName</arg>
<arg>text= Maria Seleste Silva</arg>
<doc>Types the given ``text`` into the text field identified by ``locator``.</doc>
<status status="PASS" start="2024-05-14T15:07:29.351210" elapsed="0.146380"/>
</kw>
<status status="PASS" start="2024-05-14T15:07:29.262240" elapsed="0.235350"/>
</kw>
<kw name="Inserir email sem @" owner="Qacoders_resourcesUsuarios">
<kw name="Click Element" owner="SeleniumLibrary">
<msg time="2024-05-14T15:07:29.507593" level="INFO">Clicking element 'mail'.</msg>
<arg>locator=mail</arg>
<doc>Click the element identified by ``locator``.</doc>
<status status="PASS" start="2024-05-14T15:07:29.504573" elapsed="0.137205"/>
</kw>
<kw name="Input Text" owner="SeleniumLibrary">
<msg time="2024-05-14T15:07:29.645765" level="INFO">Typing text 'Cadastrotesteqacoders.com' into text field 'mail'.</msg>
<arg>locator=mail</arg>
<arg>text=Cadastrotesteqacoders.com</arg>
<doc>Types the given ``text`` into the text field identified by ``locator``.</doc>
<status status="PASS" start="2024-05-14T15:07:29.643783" elapsed="0.229574"/>
</kw>
<status status="PASS" start="2024-05-14T15:07:29.501582" elapsed="0.372772"/>
</kw>
<kw name="Inserir Perfil de Acesso" owner="Qacoders_resourcesUsuarios">
<kw name="Click Element" owner="SeleniumLibrary">
<msg time="2024-05-14T15:07:29.876865" level="INFO">Clicking element '//input[contains(@name,'accessProfile')]'.</msg>
<arg>locator=//input[contains(@name,'accessProfile')]</arg>
<doc>Click the element identified by ``locator``.</doc>
<status status="PASS" start="2024-05-14T15:07:29.875861" elapsed="0.079823"/>
</kw>
<kw name="Input Text" owner="SeleniumLibrary">
<msg time="2024-05-14T15:07:29.956680" level="INFO">Typing text ' ADMIN' into text field '//input[contains(@name,'accessProfile')]'.</msg>
<arg>locator=//input[contains(@name,'accessProfile')]</arg>
<arg>text= ADMIN</arg>
<doc>Types the given ``text`` into the text field identified by ``locator``.</doc>
<status status="PASS" start="2024-05-14T15:07:29.955684" elapsed="0.091329"/>
</kw>
<status status="PASS" start="2024-05-14T15:07:29.875353" elapsed="0.171660"/>
</kw>
<kw name=" Inserir CPF" owner="Qacoders_resourcesUsuarios">
<kw name="Click Element" owner="SeleniumLibrary">
<msg time="2024-05-14T15:07:30.048010" level="INFO">Clicking element '//input[contains(@name,'cpf')]'.</msg>
<arg>locator=//input[contains(@name,'cpf')]</arg>
<doc>Click the element identified by ``locator``.</doc>
<status status="PASS" start="2024-05-14T15:07:30.048010" elapsed="0.081042"/>
</kw>
<kw name="Input Text" owner="SeleniumLibrary">
<msg time="2024-05-14T15:07:30.130050" level="INFO">Typing text '00100200345' into text field '//input[contains(@name,'cpf')]'.</msg>
<arg>locator=//input[contains(@name,'cpf')]</arg>
<arg>text=${CPF}</arg>
<doc>Types the given ``text`` into the text field identified by ``locator``.</doc>
<status status="PASS" start="2024-05-14T15:07:30.130050" elapsed="0.112323"/>
</kw>
<status status="PASS" start="2024-05-14T15:07:30.048010" elapsed="0.195400"/>
</kw>
<kw name="Inserir Senha" owner="Qacoders_resourcesUsuarios">
<kw name="Click Element" owner="SeleniumLibrary">
<msg time="2024-05-14T15:07:30.246359" level="INFO">Clicking element '//input[contains(@name,'password')]'.</msg>
<arg>locator=//input[contains(@name,'password')]</arg>
<doc>Click the element identified by ``locator``.</doc>
<status status="PASS" start="2024-05-14T15:07:30.245362" elapsed="0.087571"/>
</kw>
<kw name="Input Password" owner="SeleniumLibrary">
<msg time="2024-05-14T15:07:30.333929" level="INFO">Typing password into text field '//input[contains(@name,'password')]'.</msg>
<msg time="2024-05-14T15:07:30.375819" level="INFO">Temporally setting log level to: NONE</msg>
<arg>locator=//input[contains(@name,'password')]</arg>
<arg>password=${SENHA_NOVO_CADASTRO}</arg>
<doc>Types the given password into the text field identified by ``locator``.</doc>
<status status="PASS" start="2024-05-14T15:07:30.332933" elapsed="0.096300"/>
</kw>
<status status="PASS" start="2024-05-14T15:07:30.244364" elapsed="0.184869"/>
</kw>
<kw name="Confirmar a senha" owner="Qacoders_resourcesUsuarios">
<kw name="Click Element" owner="SeleniumLibrary">
<msg time="2024-05-14T15:07:30.431228" level="INFO">Clicking element '//input[contains(@name,'confirmPassword')]'.</msg>
<arg>locator=//input[contains(@name,'confirmPassword')]</arg>
<doc>Click the element identified by ``locator``.</doc>
<status status="PASS" start="2024-05-14T15:07:30.430230" elapsed="0.076839"/>
</kw>
<kw name="Input Text" owner="SeleniumLibrary">
<msg time="2024-05-14T15:07:30.508066" level="INFO">Typing text 'Test123#' into text field '//input[contains(@name,'confirmPassword')]'.</msg>
<arg>locator=//input[contains(@name,'confirmPassword')]</arg>
<arg>text=${SENHA_NOVO_CADASTRO}</arg>
<doc>Types the given ``text`` into the text field identified by ``locator``.</doc>
<status status="PASS" start="2024-05-14T15:07:30.507069" elapsed="0.087743"/>
</kw>
<status status="PASS" start="2024-05-14T15:07:30.430230" elapsed="0.164582"/>
</kw>
<kw name="Salvar novo usuario" owner="Qacoders_resourcesUsuarios">
<kw name="Click Element" owner="SeleniumLibrary">
<msg time="2024-05-14T15:07:30.596797" level="INFO">Clicking element 'save'.</msg>
<arg>locator=save</arg>
<doc>Click the element identified by ``locator``.</doc>
<status status="PASS" start="2024-05-14T15:07:30.596797" elapsed="0.080457"/>
</kw>
<status status="PASS" start="2024-05-14T15:07:30.595799" elapsed="0.081455"/>
</kw>
<kw name="Verificar Mensagem de erro de email" owner="Qacoders_resourcesUsuarios">
<kw name="Wait Until Element Is Visible" owner="SeleniumLibrary">
<arg>locator=//p[@class='css-bbipig'][contains(.,'Email inválido')]</arg>
<doc>Waits until the element ``locator`` is visible.</doc>
<status status="PASS" start="2024-05-14T15:07:30.678252" elapsed="0.042387"/>
</kw>
<status status="PASS" start="2024-05-14T15:07:30.678252" elapsed="0.043387"/>
</kw>
<kw name="Fechar o navegador" owner="Qacoders_resourcesUsuarios" type="TEARDOWN">
<kw name="Capture Page Screenshot" owner="SeleniumLibrary">
<msg time="2024-05-14T15:07:31.132943" level="INFO" html="true">&lt;/td&gt;&lt;/tr&gt;&lt;tr&gt;&lt;td colspan="3"&gt;&lt;a href="selenium-screenshot-16.png"&gt;&lt;img src="selenium-screenshot-16.png" width="800px"&gt;&lt;/a&gt;</msg>
<doc>Takes a screenshot of the current page and embeds it into a log file.</doc>
<status status="PASS" start="2024-05-14T15:07:30.724630" elapsed="0.411306"/>
</kw>
<kw name="Close Browser" owner="SeleniumLibrary">
<doc>Closes the current browser.</doc>
<status status="PASS" start="2024-05-14T15:07:31.138927" elapsed="4.711349"/>
</kw>
<status status="PASS" start="2024-05-14T15:07:30.723632" elapsed="5.128638"/>
</kw>
<tag>Cadastro usuário</tag>
<status status="PASS" start="2024-05-14T15:07:19.494102" elapsed="16.363156"/>
</test>
<test id="s1-t5" name="Caso de teste 05: Cadastrar novo usuário sem sucesso- CPF com 12 dígitos" line="80">
<kw name="Abrir o navegador" owner="Qacoders_resourcesUsuarios" type="SETUP">
<kw name="Open Browser" owner="SeleniumLibrary">
<msg time="2024-05-14T15:07:35.885210" level="INFO">Opening browser 'Chrome' to base url 'None'.</msg>
<msg time="2024-05-14T15:07:37.687427" level="WARN">The chromedriver version (123.0.6312.86) detected in PATH at C:\Users\Isabella\AppData\Local\Programs\Python\Python312\Scripts\chromedriver.exe might not be compatible with the detected chrome version (124.0.6367.119); currently, chromedriver 124.0.6367.207 is recommended for chrome 124.*, so it is advised to delete the driver in PATH and retry</msg>
<arg>browser=Chrome</arg>
<doc>Opens a new browser instance to the optional ``url``.</doc>
<status status="PASS" start="2024-05-14T15:07:35.883205" elapsed="3.638256"/>
</kw>
<kw name="Maximize Browser Window" owner="SeleniumLibrary">
<doc>Maximizes current browser window.</doc>
<status status="PASS" start="2024-05-14T15:07:39.522449" elapsed="0.150210"/>
</kw>
<status status="PASS" start="2024-05-14T15:07:35.875226" elapsed="3.798429"/>
</kw>
<kw name="Acessar a home page do site QaCoders" owner="Qacoders_resourcesUsuarios">
<kw name="Go To" owner="SeleniumLibrary">
<msg time="2024-05-14T15:07:39.677644" level="INFO">Opening url 'https://automacao.qacoders-academy.com.br/login'</msg>
<arg>url=${URL}</arg>
<doc>Navigates the current browser window to the provided ``url``.</doc>
<status status="PASS" start="2024-05-14T15:07:39.676647" elapsed="3.285301"/>
</kw>
<kw name="Wait Until Element Is Visible" owner="SeleniumLibrary">
<arg>locator=//h3[contains(.,'Login')]</arg>
<doc>Waits until the element ``locator`` is visible.</doc>
<status status="PASS" start="2024-05-14T15:07:42.962943" elapsed="0.098160"/>
</kw>
<status status="PASS" start="2024-05-14T15:07:39.674653" elapsed="3.386450"/>
</kw>
<kw name="Digitar email válido" owner="Qacoders_resourcesUsuarios">
<kw name="Input Text" owner="SeleniumLibrary">
<msg time="2024-05-14T15:07:43.063051" level="INFO">Typing text 'sysadmin@qacoders.com' into text field 'email'.</msg>
<arg>locator=email</arg>
<arg>text=${EMAIL}</arg>
<doc>Types the given ``text`` into the text field identified by ``locator``.</doc>
<status status="PASS" start="2024-05-14T15:07:43.063051" elapsed="0.382608"/>
</kw>
<status status="PASS" start="2024-05-14T15:07:43.062052" elapsed="0.383607"/>
</kw>
<kw name="Digitar senha válida" owner="Qacoders_resourcesUsuarios">
<kw name="Input Text" owner="SeleniumLibrary">
<msg time="2024-05-14T15:07:43.451681" level="INFO">Typing text '1234@Test' into text field 'password'.</msg>
<arg>locator=password</arg>
<arg>text=${SENHA_ADM}</arg>
<doc>Types the given ``text`` into the text field identified by ``locator``.</doc>
<status status="PASS" start="2024-05-14T15:07:43.448655" elapsed="0.217218"/>
</kw>
<status status="PASS" start="2024-05-14T15:07:43.447656" elapsed="0.219215"/>
</kw>
<kw name="Clicar em Entrar" owner="Qacoders_resourcesUsuarios">
<kw name="Click Element" owner="SeleniumLibrary">
<msg time="2024-05-14T15:07:43.669869" level="INFO">Clicking element 'login'.</msg>
<arg>locator=login</arg>
<doc>Click the element identified by ``locator``.</doc>
<status status="PASS" start="2024-05-14T15:07:43.668865" elapsed="0.120608"/>
</kw>
<kw name="Wait Until Element Is Visible" owner="SeleniumLibrary">
<arg>locator=//span[@class='MuiTypography-root MuiTypography-body1 MuiListItemText-primary css-yb0lig'][contains(.,'Cadastros')]</arg>
<doc>Waits until the element ``locator`` is visible.</doc>
<status status="PASS" start="2024-05-14T15:07:43.790475" elapsed="2.239066"/>
</kw>
<status status="PASS" start="2024-05-14T15:07:43.667864" elapsed="2.362673"/>
</kw>
<kw name="Clicar no menu Cadastros" owner="Qacoders_resourcesUsuarios">
<kw name="Click Element" owner="SeleniumLibrary">
<msg time="2024-05-14T15:07:46.033525" level="INFO">Clicking element '//span[@class='MuiTypography-root MuiTypography-body1 MuiListItemText-primary css-yb0lig'][contains(.,'Cadastros')]'.</msg>
<arg>locator=//span[@class='MuiTypography-root MuiTypography-body1 MuiListItemText-primary css-yb0lig'][contains(.,'Cadastros')]</arg>
<doc>Click the element identified by ``locator``.</doc>
<status status="PASS" start="2024-05-14T15:07:46.032528" elapsed="0.127269"/>
</kw>
<status status="PASS" start="2024-05-14T15:07:46.031540" elapsed="0.128257"/>
</kw>
<kw name="Clicar no menu Usuarios" owner="Qacoders_resourcesUsuarios">
<kw name="Click Element" owner="SeleniumLibrary">
<msg time="2024-05-14T15:07:46.164784" level="INFO">Clicking element '//span[@class='MuiTypography-root MuiTypography-body1 MuiListItemText-primary css-yb0lig'][contains(.,'Usuários')]'.</msg>
<arg>locator=//span[@class='MuiTypography-root MuiTypography-body1 MuiListItemText-primary css-yb0lig'][contains(.,'Usuários')]</arg>
<doc>Click the element identified by ``locator``.</doc>
<status status="PASS" start="2024-05-14T15:07:46.163785" elapsed="0.157686"/>
</kw>
<kw name="Wait Until Element Is Visible" owner="SeleniumLibrary">
<arg>locator=//button[@class='css-fvzsut'][contains(.,'Novo Cadastro')]</arg>
<doc>Waits until the element ``locator`` is visible.</doc>
<status status="PASS" start="2024-05-14T15:07:46.322468" elapsed="0.700257"/>
</kw>
<status status="PASS" start="2024-05-14T15:07:46.161790" elapsed="0.860935"/>
</kw>
<kw name="Clicar no botão Novo cadastro" owner="Qacoders_resourcesUsuarios">
<kw name="Click Element" owner="SeleniumLibrary">
<msg time="2024-05-14T15:07:47.025715" level="INFO">Clicking element '//button[@class='css-fvzsut'][contains(.,'Novo Cadastro')]'.</msg>
<arg>locator=//button[@class='css-fvzsut'][contains(.,'Novo Cadastro')]</arg>
<doc>Click the element identified by ``locator``.</doc>
<status status="PASS" start="2024-05-14T15:07:47.024715" elapsed="0.140064"/>
</kw>
<status status="PASS" start="2024-05-14T15:07:47.023717" elapsed="0.141062"/>
</kw>
<kw name="Inserir nome completo" owner="Qacoders_resourcesUsuarios">
<kw name="Click Element" owner="SeleniumLibrary">
<msg time="2024-05-14T15:07:47.169771" level="INFO">Clicking element 'fullName'.</msg>
<arg>locator=fullName</arg>
<doc>Click the element identified by ``locator``.</doc>
<status status="PASS" start="2024-05-14T15:07:47.168768" elapsed="0.128804"/>
</kw>
<kw name="Input Text" owner="SeleniumLibrary">
<msg time="2024-05-14T15:07:47.299560" level="INFO">Typing text ' Maria Seleste Silva' into text field 'fullName'.</msg>
<arg>locator=fullName</arg>
<arg>text= Maria Seleste Silva</arg>
<doc>Types the given ``text`` into the text field identified by ``locator``.</doc>
<status status="PASS" start="2024-05-14T15:07:47.298563" elapsed="0.310923"/>
</kw>
<status status="PASS" start="2024-05-14T15:07:47.166773" elapsed="0.443710"/>
</kw>
<kw name="Inserir email" owner="Qacoders_resourcesUsuarios">
<kw name="Click Element" owner="SeleniumLibrary">
<msg time="2024-05-14T15:07:47.615471" level="INFO">Clicking element 'mail'.</msg>
<arg>locator=mail</arg>
<doc>Click the element identified by ``locator``.</doc>
<status status="PASS" start="2024-05-14T15:07:47.613477" elapsed="0.161312"/>
</kw>
<kw name="Input Text" owner="SeleniumLibrary">
<msg time="2024-05-14T15:07:47.776784" level="INFO">Typing text 'cadastroteste@qacoders.com' into text field 'mail'.</msg>
<arg>locator=mail</arg>
<arg>text=cadastroteste@qacoders.com</arg>
<doc>Types the given ``text`` into the text field identified by ``locator``.</doc>
<status status="PASS" start="2024-05-14T15:07:47.775786" elapsed="0.281631"/>
</kw>
<status status="PASS" start="2024-05-14T15:07:47.612479" elapsed="0.444938"/>
</kw>
<kw name="Inserir Perfil de Acesso" owner="Qacoders_resourcesUsuarios">
<kw name="Click Element" owner="SeleniumLibrary">
<msg time="2024-05-14T15:07:48.060409" level="INFO">Clicking element '//input[contains(@name,'accessProfile')]'.</msg>
<arg>locator=//input[contains(@name,'accessProfile')]</arg>
<doc>Click the element identified by ``locator``.</doc>
<status status="PASS" start="2024-05-14T15:07:48.059412" elapsed="0.107296"/>
</kw>
<kw name="Input Text" owner="SeleniumLibrary">
<msg time="2024-05-14T15:07:48.168701" level="INFO">Typing text ' ADMIN' into text field '//input[contains(@name,'accessProfile')]'.</msg>
<arg>locator=//input[contains(@name,'accessProfile')]</arg>
<arg>text= ADMIN</arg>
<doc>Types the given ``text`` into the text field identified by ``locator``.</doc>
<status status="PASS" start="2024-05-14T15:07:48.167709" elapsed="0.166090"/>
</kw>
<status status="PASS" start="2024-05-14T15:07:48.058413" elapsed="0.276380"/>
</kw>
<kw name="Inserir CPF com 12 dígitos" owner="Qacoders_resourcesUsuarios">
<kw name="Click Element" owner="SeleniumLibrary">
<msg time="2024-05-14T15:07:48.339781" level="INFO">Clicking element '//input[contains(@name,'cpf')]'.</msg>
<arg>locator=//input[contains(@name,'cpf')]</arg>
<doc>Click the element identified by ``locator``.</doc>
<status status="PASS" start="2024-05-14T15:07:48.338779" elapsed="0.113287"/>
</kw>
<kw name="Input Text" owner="SeleniumLibrary">
<msg time="2024-05-14T15:07:48.455066" level="INFO">Typing text '001025478964' into text field '//input[contains(@name,'cpf')]'.</msg>
<arg>locator=//input[contains(@name,'cpf')]</arg>
<arg>text=001025478964</arg>
<doc>Types the given ``text`` into the text field identified by ``locator``.</doc>
<status status="PASS" start="2024-05-14T15:07:48.454075" elapsed="0.200535"/>
</kw>
<status status="PASS" start="2024-05-14T15:07:48.337784" elapsed="0.317836"/>
</kw>
<kw name="Inserir Senha" owner="Qacoders_resourcesUsuarios">
<kw name="Click Element" owner="SeleniumLibrary">
<msg time="2024-05-14T15:07:48.658597" level="INFO">Clicking element '//input[contains(@name,'password')]'.</msg>
<arg>locator=//input[contains(@name,'password')]</arg>
<doc>Click the element identified by ``locator``.</doc>
<status status="PASS" start="2024-05-14T15:07:48.658597" elapsed="0.178664"/>
</kw>
<kw name="Input Password" owner="SeleniumLibrary">
<msg time="2024-05-14T15:07:48.841252" level="INFO">Typing password into text field '//input[contains(@name,'password')]'.</msg>
<msg time="2024-05-14T15:07:48.923241" level="INFO">Temporally setting log level to: NONE</msg>
<arg>locator=//input[contains(@name,'password')]</arg>
<arg>password=${SENHA_NOVO_CADASTRO}</arg>
<doc>Types the given password into the text field identified by ``locator``.</doc>
<status status="PASS" start="2024-05-14T15:07:48.839259" elapsed="0.203887"/>
</kw>
<status status="PASS" start="2024-05-14T15:07:48.656602" elapsed="0.386544"/>
</kw>
<kw name="Confirmar a senha" owner="Qacoders_resourcesUsuarios">
<kw name="Click Element" owner="SeleniumLibrary">
<msg time="2024-05-14T15:07:49.047135" level="INFO">Clicking element '//input[contains(@name,'confirmPassword')]'.</msg>
<arg>locator=//input[contains(@name,'confirmPassword')]</arg>
<doc>Click the element identified by ``locator``.</doc>
<status status="PASS" start="2024-05-14T15:07:49.046137" elapsed="0.162724"/>
</kw>
<kw name="Input Text" owner="SeleniumLibrary">
<msg time="2024-05-14T15:07:49.213847" level="INFO">Typing text 'Test123#' into text field '//input[contains(@name,'confirmPassword')]'.</msg>
<arg>locator=//input[contains(@name,'confirmPassword')]</arg>
<arg>text=${SENHA_NOVO_CADASTRO}</arg>
<doc>Types the given ``text`` into the text field identified by ``locator``.</doc>
<status status="PASS" start="2024-05-14T15:07:49.211854" elapsed="0.240558"/>
</kw>
<status status="PASS" start="2024-05-14T15:07:49.045141" elapsed="0.408286"/>
</kw>
<kw name="Salvar novo usuario" owner="Qacoders_resourcesUsuarios">
<kw name="Click Element" owner="SeleniumLibrary">
<msg time="2024-05-14T15:07:49.458396" level="INFO">Clicking element 'save'.</msg>
<arg>locator=save</arg>
<doc>Click the element identified by ``locator``.</doc>
<status status="PASS" start="2024-05-14T15:07:49.458396" elapsed="0.155265"/>
</kw>
<status status="PASS" start="2024-05-14T15:07:49.456400" elapsed="0.159255"/>
</kw>
<kw name="Verificar Mensagem de erro" owner="Qacoders_resourcesUsuarios">
<kw name="Wait Until Element Is Visible" owner="SeleniumLibrary">
<arg>locator=//div[@class='MuiAlert-message css-1xsto0d'][contains(.,'Deve preencher o CPF com 11 dígitos')]</arg>
<doc>Waits until the element ``locator`` is visible.</doc>
<status status="PASS" start="2024-05-14T15:07:49.620642" elapsed="0.513742"/>
</kw>
<status status="PASS" start="2024-05-14T15:07:49.617660" elapsed="0.517697"/>
</kw>
<kw name="Fechar o navegador" owner="Qacoders_resourcesUsuarios" type="TEARDOWN">
<kw name="Capture Page Screenshot" owner="SeleniumLibrary">
<msg time="2024-05-14T15:07:50.408283" level="INFO" html="true">&lt;/td&gt;&lt;/tr&gt;&lt;tr&gt;&lt;td colspan="3"&gt;&lt;a href="selenium-screenshot-17.png"&gt;&lt;img src="selenium-screenshot-17.png" width="800px"&gt;&lt;/a&gt;</msg>
<doc>Takes a screenshot of the current page and embeds it into a log file.</doc>
<status status="PASS" start="2024-05-14T15:07:50.140341" elapsed="0.268954"/>
</kw>
<kw name="Close Browser" owner="SeleniumLibrary">
<doc>Closes the current browser.</doc>
<status status="PASS" start="2024-05-14T15:07:50.410280" elapsed="2.486687"/>
</kw>
<status status="PASS" start="2024-05-14T15:07:50.138346" elapsed="2.759561"/>
</kw>
<tag>Cadastro usuário</tag>
<status status="PASS" start="2024-05-14T15:07:35.867230" elapsed="17.032683"/>
</test>
<test id="s1-t6" name="Caso de teste 06: Cadastrar novo usuário sem sucesso- Senha sem número" line="98">
<kw name="Abrir o navegador" owner="Qacoders_resourcesUsuarios" type="SETUP">
<kw name="Open Browser" owner="SeleniumLibrary">
<msg time="2024-05-14T15:07:52.904895" level="INFO">Opening browser 'Chrome' to base url 'None'.</msg>
<msg time="2024-05-14T15:07:53.646934" level="WARN">The chromedriver version (123.0.6312.86) detected in PATH at C:\Users\Isabella\AppData\Local\Programs\Python\Python312\Scripts\chromedriver.exe might not be compatible with the detected chrome version (124.0.6367.119); currently, chromedriver 124.0.6367.207 is recommended for chrome 124.*, so it is advised to delete the driver in PATH and retry</msg>
<arg>browser=Chrome</arg>
<doc>Opens a new browser instance to the optional ``url``.</doc>
<status status="PASS" start="2024-05-14T15:07:52.904895" elapsed="4.325175"/>
</kw>
<kw name="Maximize Browser Window" owner="SeleniumLibrary">
<doc>Maximizes current browser window.</doc>
<status status="PASS" start="2024-05-14T15:07:57.236624" elapsed="0.294094"/>
</kw>
<status status="PASS" start="2024-05-14T15:07:52.903897" elapsed="4.629814"/>
</kw>
<kw name="Acessar a home page do site QaCoders" owner="Qacoders_resourcesUsuarios">
<kw name="Go To" owner="SeleniumLibrary">
<msg time="2024-05-14T15:07:57.557660" level="INFO">Opening url 'https://automacao.qacoders-academy.com.br/login'</msg>
<arg>url=${URL}</arg>
<doc>Navigates the current browser window to the provided ``url``.</doc>
<status status="PASS" start="2024-05-14T15:07:57.545681" elapsed="3.909953"/>
</kw>
<kw name="Wait Until Element Is Visible" owner="SeleniumLibrary">
<arg>locator=//h3[contains(.,'Login')]</arg>
<doc>Waits until the element ``locator`` is visible.</doc>
<status status="PASS" start="2024-05-14T15:08:01.456635" elapsed="0.107795"/>
</kw>
<status status="PASS" start="2024-05-14T15:07:57.541692" elapsed="4.022738"/>
</kw>
<kw name="Digitar email válido" owner="Qacoders_resourcesUsuarios">
<kw name="Input Text" owner="SeleniumLibrary">
<msg time="2024-05-14T15:08:01.569417" level="INFO">Typing text 'sysadmin@qacoders.com' into text field 'email'.</msg>
<arg>locator=email</arg>
<arg>text=${EMAIL}</arg>
<doc>Types the given ``text`` into the text field identified by ``locator``.</doc>
<status status="PASS" start="2024-05-14T15:08:01.567424" elapsed="0.349719"/>
</kw>
<status status="PASS" start="2024-05-14T15:08:01.566424" elapsed="0.351723"/>
</kw>
<kw name="Digitar senha válida" owner="Qacoders_resourcesUsuarios">
<kw name="Input Text" owner="SeleniumLibrary">
<msg time="2024-05-14T15:08:01.923136" level="INFO">Typing text '1234@Test' into text field 'password'.</msg>
<arg>locator=password</arg>
<arg>text=${SENHA_ADM}</arg>
<doc>Types the given ``text`` into the text field identified by ``locator``.</doc>
<status status="PASS" start="2024-05-14T15:08:01.922137" elapsed="0.341296"/>
</kw>
<status status="PASS" start="2024-05-14T15:08:01.920142" elapsed="0.343291"/>
</kw>
<kw name="Clicar em Entrar" owner="Qacoders_resourcesUsuarios">
<kw name="Click Element" owner="SeleniumLibrary">
<msg time="2024-05-14T15:08:02.267423" level="INFO">Clicking element 'login'.</msg>
<arg>locator=login</arg>
<doc>Click the element identified by ``locator``.</doc>
<status status="PASS" start="2024-05-14T15:08:02.266426" elapsed="0.121521"/>
</kw>
<kw name="Wait Until Element Is Visible" owner="SeleniumLibrary">
<arg>locator=//span[@class='MuiTypography-root MuiTypography-body1 MuiListItemText-primary css-yb0lig'][contains(.,'Cadastros')]</arg>
<doc>Waits until the element ``locator`` is visible.</doc>
<status status="PASS" start="2024-05-14T15:08:02.388945" elapsed="2.233573"/>
</kw>
<status status="PASS" start="2024-05-14T15:08:02.264428" elapsed="2.359087"/>
</kw>
<kw name="Clicar no menu Cadastros" owner="Qacoders_resourcesUsuarios">
<kw name="Click Element" owner="SeleniumLibrary">
<msg time="2024-05-14T15:08:04.625526" level="INFO">Clicking element '//span[@class='MuiTypography-root MuiTypography-body1 MuiListItemText-primary css-yb0lig'][contains(.,'Cadastros')]'.</msg>
<arg>locator=//span[@class='MuiTypography-root MuiTypography-body1 MuiListItemText-primary css-yb0lig'][contains(.,'Cadastros')]</arg>
<doc>Click the element identified by ``locator``.</doc>
<status status="PASS" start="2024-05-14T15:08:04.625526" elapsed="0.167692"/>
</kw>
<status status="PASS" start="2024-05-14T15:08:04.624512" elapsed="0.169709"/>
</kw>
<kw name="Clicar no menu Usuarios" owner="Qacoders_resourcesUsuarios">
<kw name="Click Element" owner="SeleniumLibrary">
<msg time="2024-05-14T15:08:04.798211" level="INFO">Clicking element '//span[@class='MuiTypography-root MuiTypography-body1 MuiListItemText-primary css-yb0lig'][contains(.,'Usuários')]'.</msg>
<arg>locator=//span[@class='MuiTypography-root MuiTypography-body1 MuiListItemText-primary css-yb0lig'][contains(.,'Usuários')]</arg>
<doc>Click the element identified by ``locator``.</doc>
<status status="PASS" start="2024-05-14T15:08:04.797213" elapsed="0.146873"/>
</kw>
<kw name="Wait Until Element Is Visible" owner="SeleniumLibrary">
<arg>locator=//button[@class='css-fvzsut'][contains(.,'Novo Cadastro')]</arg>
<doc>Waits until the element ``locator`` is visible.</doc>
<status status="PASS" start="2024-05-14T15:08:04.945088" elapsed="0.581588"/>
</kw>
<status status="PASS" start="2024-05-14T15:08:04.796216" elapsed="0.730460"/>
</kw>
<kw name="Clicar no botão Novo cadastro" owner="Qacoders_resourcesUsuarios">
<kw name="Click Element" owner="SeleniumLibrary">
<msg time="2024-05-14T15:08:05.529645" level="INFO">Clicking element '//button[@class='css-fvzsut'][contains(.,'Novo Cadastro')]'.</msg>
<arg>locator=//button[@class='css-fvzsut'][contains(.,'Novo Cadastro')]</arg>
<doc>Click the element identified by ``locator``.</doc>
<status status="PASS" start="2024-05-14T15:08:05.528672" elapsed="0.129500"/>
</kw>
<status status="PASS" start="2024-05-14T15:08:05.527676" elapsed="0.130496"/>
</kw>
<kw name="Inserir nome completo" owner="Qacoders_resourcesUsuarios">
<kw name="Click Element" owner="SeleniumLibrary">
<msg time="2024-05-14T15:08:05.661167" level="INFO">Clicking element 'fullName'.</msg>
<arg>locator=fullName</arg>
<doc>Click the element identified by ``locator``.</doc>
<status status="PASS" start="2024-05-14T15:08:05.660170" elapsed="0.119497"/>
</kw>
<kw name="Input Text" owner="SeleniumLibrary">
<msg time="2024-05-14T15:08:05.780664" level="INFO">Typing text ' Maria Seleste Silva' into text field 'fullName'.</msg>
<arg>locator=fullName</arg>
<arg>text= Maria Seleste Silva</arg>
<doc>Types the given ``text`` into the text field identified by ``locator``.</doc>
<status status="PASS" start="2024-05-14T15:08:05.779667" elapsed="0.193198"/>
</kw>
<status status="PASS" start="2024-05-14T15:08:05.659168" elapsed="0.313697"/>
</kw>
<kw name="Inserir email" owner="Qacoders_resourcesUsuarios">
<kw name="Click Element" owner="SeleniumLibrary">
<msg time="2024-05-14T15:08:05.976826" level="INFO">Clicking element 'mail'.</msg>
<arg>locator=mail</arg>
<doc>Click the element identified by ``locator``.</doc>
<status status="PASS" start="2024-05-14T15:08:05.975830" elapsed="0.182624"/>
</kw>
<kw name="Input Text" owner="SeleniumLibrary">
<msg time="2024-05-14T15:08:06.159469" level="INFO">Typing text 'cadastroteste@qacoders.com' into text field 'mail'.</msg>
<arg>locator=mail</arg>
<arg>text=cadastroteste@qacoders.com</arg>
<doc>Types the given ``text`` into the text field identified by ``locator``.</doc>
<status status="PASS" start="2024-05-14T15:08:06.158454" elapsed="0.255073"/>
</kw>
<status status="PASS" start="2024-05-14T15:08:05.974831" elapsed="0.438696"/>
</kw>
<kw name="Inserir Perfil de Acesso" owner="Qacoders_resourcesUsuarios">
<kw name="Click Element" owner="SeleniumLibrary">
<msg time="2024-05-14T15:08:06.416521" level="INFO">Clicking element '//input[contains(@name,'accessProfile')]'.</msg>
<arg>locator=//input[contains(@name,'accessProfile')]</arg>
<doc>Click the element identified by ``locator``.</doc>
<status status="PASS" start="2024-05-14T15:08:06.415523" elapsed="0.108924"/>
</kw>
<kw name="Input Text" owner="SeleniumLibrary">
<msg time="2024-05-14T15:08:06.528435" level="INFO">Typing text ' ADMIN' into text field '//input[contains(@name,'accessProfile')]'.</msg>
<arg>locator=//input[contains(@name,'accessProfile')]</arg>
<arg>text= ADMIN</arg>
<doc>Types the given ``text`` into the text field identified by ``locator``.</doc>
<status status="PASS" start="2024-05-14T15:08:06.526455" elapsed="0.464309"/>
</kw>
<status status="PASS" start="2024-05-14T15:08:06.414524" elapsed="0.577238"/>
</kw>
<kw name=" Inserir CPF" owner="Qacoders_resourcesUsuarios">
<kw name="Click Element" owner="SeleniumLibrary">
<msg time="2024-05-14T15:08:07.009721" level="INFO">Clicking element '//input[contains(@name,'cpf')]'.</msg>
<arg>locator=//input[contains(@name,'cpf')]</arg>
<doc>Click the element identified by ``locator``.</doc>
<status status="PASS" start="2024-05-14T15:08:07.008724" elapsed="0.170659"/>
</kw>
<kw name="Input Text" owner="SeleniumLibrary">
<msg time="2024-05-14T15:08:07.182384" level="INFO">Typing text '00100200345' into text field '//input[contains(@name,'cpf')]'.</msg>
<arg>locator=//input[contains(@name,'cpf')]</arg>
<arg>text=${CPF}</arg>
<doc>Types the given ``text`` into the text field identified by ``locator``.</doc>
<status status="PASS" start="2024-05-14T15:08:07.180381" elapsed="0.282563"/>
</kw>
<status status="PASS" start="2024-05-14T15:08:07.006729" elapsed="0.457207"/>
</kw>
<kw name="Inserir Senha fora dos critérios de aceite" owner="Qacoders_resourcesUsuarios">
<kw name="Click Element" owner="SeleniumLibrary">
<msg time="2024-05-14T15:08:07.471910" level="INFO">Clicking element '//input[contains(@name,'password')]'.</msg>
<arg>locator=//input[contains(@name,'password')]</arg>
<doc>Click the element identified by ``locator``.</doc>
<status status="PASS" start="2024-05-14T15:08:07.470913" elapsed="0.354770"/>
</kw>
<kw name="Input Password" owner="SeleniumLibrary">
<msg time="2024-05-14T15:08:07.827685" level="INFO">Typing password into text field '//input[contains(@name,'password')]'.</msg>
<msg time="2024-05-14T15:08:08.090699" level="INFO">Temporally setting log level to: NONE</msg>
<arg>locator=//input[contains(@name,'password')]</arg>
<arg>password=Testefront@</arg>
<doc>Types the given password into the text field identified by ``locator``.</doc>
<status status="PASS" start="2024-05-14T15:08:07.826701" elapsed="0.843953"/>
</kw>
<status status="PASS" start="2024-05-14T15:08:07.468931" elapsed="1.202721"/>
</kw>
<kw name="Confirmar a senha fora dos critérios de aceite" owner="Qacoders_resourcesUsuarios">
<kw name="Click Element" owner="SeleniumLibrary">
<msg time="2024-05-14T15:08:08.676640" level="INFO">Clicking element '//input[contains(@name,'confirmPassword')]'.</msg>
<arg>locator=//input[contains(@name,'confirmPassword')]</arg>
<doc>Click the element identified by ``locator``.</doc>
<status status="PASS" start="2024-05-14T15:08:08.675642" elapsed="0.574947"/>
</kw>
<kw name="Input Text" owner="SeleniumLibrary">
<msg time="2024-05-14T15:08:09.253584" level="INFO">Typing text 'Testefront@' into text field '//input[contains(@name,'confirmPassword')]'.</msg>
<arg>locator=//input[contains(@name,'confirmPassword')]</arg>
<arg>text=Testefront@</arg>
<doc>Types the given ``text`` into the text field identified by ``locator``.</doc>
<status status="PASS" start="2024-05-14T15:08:09.252585" elapsed="0.312491"/>
</kw>
<status status="PASS" start="2024-05-14T15:08:08.673646" elapsed="0.892415"/>
</kw>
<kw name="Salvar novo usuario" owner="Qacoders_resourcesUsuarios">
<kw name="Click Element" owner="SeleniumLibrary">
<msg time="2024-05-14T15:08:09.570051" level="INFO">Clicking element 'save'.</msg>
<arg>locator=save</arg>
<doc>Click the element identified by ``locator``.</doc>
<status status="PASS" start="2024-05-14T15:08:09.568057" elapsed="0.178113"/>
</kw>
<status status="PASS" start="2024-05-14T15:08:09.567059" elapsed="0.180121"/>
</kw>
<kw name="Verificar Mensagem de erro de senha fora dos critérios de aceite" owner="Qacoders_resourcesUsuarios">
<kw name="Wait Until Element Is Visible" owner="SeleniumLibrary">
<arg>locator=//div[@class='MuiAlert-message css-1xsto0d'][contains(.,'Senha precisa ter: uma letra maiúscula, uma letra minúscula, um número, um caractere especial(@#$%) e tamanho entre 8-12.')]</arg>
<doc>Waits until the element ``locator`` is visible.</doc>
<status status="PASS" start="2024-05-14T15:08:09.753178" elapsed="1.008468"/>
</kw>
[...]
</kw>
<kw name="Clicar no botão Novo cadastro" owner="Qacoders_resourcesUsuarios">
<kw name="Click Element" owner="SeleniumLibrary">
<msg time="2024-05-14T15:09:12.027807" level="INFO">Clicking element '//button[@class='css-fvzsut'][contains(.,'Novo Cadastro')]'.</msg>
<arg>locator=//button[@class='css-fvzsut'][contains(.,'Novo Cadastro')]</arg>
<doc>Click the element identified by ``locator``.</doc>
<status status="PASS" start="2024-05-14T15:09:12.026809" elapsed="0.082510"/>
</kw>
<status status="PASS" start="2024-05-14T15:09:12.026809" elapsed="0.083509"/>
</kw>
<kw name="Inserir nome completo" owner="Qacoders_resourcesUsuarios">
<kw name="Click Element" owner="SeleniumLibrary">
<msg time="2024-05-14T15:09:12.113308" level="INFO">Clicking element 'fullName'.</msg>
<arg>locator=fullName</arg>
<doc>Click the element identified by ``locator``.</doc>
<status status="PASS" start="2024-05-14T15:09:12.112312" elapsed="0.114748"/>
</kw>
<kw name="Input Text" owner="SeleniumLibrary">
<msg time="2024-05-14T15:09:12.229054" level="INFO">Typing text ' Maria Seleste Silva' into text field 'fullName'.</msg>
<arg>locator=fullName</arg>
<arg>text= Maria Seleste Silva</arg>
<doc>Types the given ``text`` into the text field identified by ``locator``.</doc>
<status status="PASS" start="2024-05-14T15:09:12.227060" elapsed="0.197151"/>
</kw>
<status status="PASS" start="2024-05-14T15:09:12.111314" elapsed="0.314023"/>
</kw>
<kw name="Inserir email" owner="Qacoders_resourcesUsuarios">
<kw name="Click Element" owner="SeleniumLibrary">
<msg time="2024-05-14T15:09:12.426212" level="INFO">Clicking element 'mail'.</msg>
<arg>locator=mail</arg>
<doc>Click the element identified by ``locator``.</doc>
<status status="PASS" start="2024-05-14T15:09:12.426212" elapsed="0.130953"/>
</kw>
<kw name="Input Text" owner="SeleniumLibrary">
<msg time="2024-05-14T15:09:12.558163" level="INFO">Typing text 'cadastroteste@qacoders.com' into text field 'mail'.</msg>
<arg>locator=mail</arg>
<arg>text=cadastroteste@qacoders.com</arg>
<doc>Types the given ``text`` into the text field identified by ``locator``.</doc>
<status status="PASS" start="2024-05-14T15:09:12.557165" elapsed="0.182195"/>
</kw>
<status status="PASS" start="2024-05-14T15:09:12.425337" elapsed="0.315017"/>
</kw>
<kw name="Inserir Perfil de Acesso" owner="Qacoders_resourcesUsuarios">
<kw name="Click Element" owner="SeleniumLibrary">
<msg time="2024-05-14T15:09:12.742347" level="INFO">Clicking element '//input[contains(@name,'accessProfile')]'.</msg>
<arg>locator=//input[contains(@name,'accessProfile')]</arg>
<doc>Click the element identified by ``locator``.</doc>
<status status="PASS" start="2024-05-14T15:09:12.741351" elapsed="0.120724"/>
</kw>
<kw name="Input Text" owner="SeleniumLibrary">
<msg time="2024-05-14T15:09:12.865069" level="INFO">Typing text ' ADMIN' into text field '//input[contains(@name,'accessProfile')]'.</msg>
<arg>locator=//input[contains(@name,'accessProfile')]</arg>
<arg>text= ADMIN</arg>
<doc>Types the given ``text`` into the text field identified by ``locator``.</doc>
<status status="PASS" start="2024-05-14T15:09:12.863076" elapsed="0.100329"/>
</kw>
<status status="PASS" start="2024-05-14T15:09:12.740354" elapsed="0.224047"/>
</kw>
<kw name=" Inserir CPF" owner="Qacoders_resourcesUsuarios">
<kw name="Click Element" owner="SeleniumLibrary">
<msg time="2024-05-14T15:09:12.969392" level="INFO">Clicking element '//input[contains(@name,'cpf')]'.</msg>
<arg>locator=//input[contains(@name,'cpf')]</arg>
<doc>Click the element identified by ``locator``.</doc>
<status status="PASS" start="2024-05-14T15:09:12.966409" elapsed="0.080312"/>
</kw>
<kw name="Input Text" owner="SeleniumLibrary">
<msg time="2024-05-14T15:09:13.047718" level="INFO">Typing text '00100200345' into text field '//input[contains(@name,'cpf')]'.</msg>
<arg>locator=//input[contains(@name,'cpf')]</arg>
<arg>text=${CPF}</arg>
<doc>Types the given ``text`` into the text field identified by ``locator``.</doc>
<status status="PASS" start="2024-05-14T15:09:13.046721" elapsed="0.100134"/>
</kw>
<status status="PASS" start="2024-05-14T15:09:12.964401" elapsed="0.182454"/>
</kw>
<kw name="Inserir Senha" owner="Qacoders_resourcesUsuarios">
<kw name="Click Element" owner="SeleniumLibrary">
<msg time="2024-05-14T15:09:13.147852" level="INFO">Clicking element '//input[contains(@name,'password')]'.</msg>
<arg>locator=//input[contains(@name,'password')]</arg>
<doc>Click the element identified by ``locator``.</doc>
<status status="PASS" start="2024-05-14T15:09:13.147852" elapsed="0.070330"/>
</kw>
<kw name="Input Password" owner="SeleniumLibrary">
<msg time="2024-05-14T15:09:13.220185" level="INFO">Typing password into text field '//input[contains(@name,'password')]'.</msg>
<msg time="2024-05-14T15:09:13.278620" level="INFO">Temporally setting log level to: NONE</msg>
<arg>locator=//input[contains(@name,'password')]</arg>
<arg>password=${SENHA_NOVO_CADASTRO}</arg>
<doc>Types the given password into the text field identified by ``locator``.</doc>
<status status="PASS" start="2024-05-14T15:09:13.219179" elapsed="0.109309"/>
</kw>
<status status="PASS" start="2024-05-14T15:09:13.146855" elapsed="0.181633"/>
</kw>
<kw name="Confirmar com senha diferente" owner="Qacoders_resourcesUsuarios">
<kw name="Click Element" owner="SeleniumLibrary">
<msg time="2024-05-14T15:09:13.329485" level="INFO">Clicking element '//input[contains(@name,'confirmPassword')]'.</msg>
<arg>locator=//input[contains(@name,'confirmPassword')]</arg>
<doc>Click the element identified by ``locator``.</doc>
<status status="PASS" start="2024-05-14T15:09:13.329485" elapsed="0.078373"/>
</kw>
<kw name="Input Text" owner="SeleniumLibrary">
<msg time="2024-05-14T15:09:13.408855" level="INFO">Typing text 'Test1234@' into text field '//input[contains(@name,'confirmPassword')]'.</msg>
<arg>locator=//input[contains(@name,'confirmPassword')]</arg>
<arg>text=Test1234@</arg>
<doc>Types the given ``text`` into the text field identified by ``locator``.</doc>
<status status="PASS" start="2024-05-14T15:09:13.408855" elapsed="0.100262"/>
</kw>
<status status="PASS" start="2024-05-14T15:09:13.329485" elapsed="0.179632"/>
</kw>
<kw name="Salvar novo usuario" owner="Qacoders_resourcesUsuarios">
<kw name="Click Element" owner="SeleniumLibrary">
<msg time="2024-05-14T15:09:13.510114" level="INFO">Clicking element 'save'.</msg>
<arg>locator=save</arg>
<doc>Click the element identified by ``locator``.</doc>
<status status="PASS" start="2024-05-14T15:09:13.510114" elapsed="0.069396"/>
</kw>
<status status="PASS" start="2024-05-14T15:09:13.509117" elapsed="0.070393"/>
</kw>
<kw name="Verificar mensagem de erro que as senhas não conferem" owner="Qacoders_resourcesUsuarios">
<kw name="Wait Until Page Contains" owner="SeleniumLibrary">
<arg>text=As senhas não conferem</arg>
<doc>Waits until ``text`` appears on the current page.</doc>
<status status="PASS" start="2024-05-14T15:09:13.580505" elapsed="0.464556"/>
</kw>
<status status="PASS" start="2024-05-14T15:09:13.579510" elapsed="0.466549"/>
</kw>
<kw name="Fechar o navegador" owner="Qacoders_resourcesUsuarios" type="TEARDOWN">
<kw name="Capture Page Screenshot" owner="SeleniumLibrary">
<msg time="2024-05-14T15:09:14.215442" level="INFO" html="true">&lt;/td&gt;&lt;/tr&gt;&lt;tr&gt;&lt;td colspan="3"&gt;&lt;a href="selenium-screenshot-22.png"&gt;&lt;img src="selenium-screenshot-22.png" width="800px"&gt;&lt;/a&gt;</msg>
<doc>Takes a screenshot of the current page and embeds it into a log file.</doc>
<status status="PASS" start="2024-05-14T15:09:14.048055" elapsed="0.169390"/>
</kw>
<kw name="Close Browser" owner="SeleniumLibrary">
<doc>Closes the current browser.</doc>
<status status="PASS" start="2024-05-14T15:09:14.219436" elapsed="2.385727"/>
</kw>
<status status="PASS" start="2024-05-14T15:09:14.047056" elapsed="2.559102"/>
</kw>
<status status="PASS" start="2024-05-14T15:09:02.471322" elapsed="14.136827"/>
</test>
<test id="s1-t11" name="Caso de teste 11: Realizar logout da página" line="188">
<kw name="Abrir o navegador" owner="Qacoders_resourcesUsuarios" type="SETUP">
<kw name="Open Browser" owner="SeleniumLibrary">
<msg time="2024-05-14T15:09:16.615667" level="INFO">Opening browser 'Chrome' to base url 'None'.</msg>
<msg time="2024-05-14T15:09:17.370935" level="WARN">The chromedriver version (123.0.6312.86) detected in PATH at C:\Users\Isabella\AppData\Local\Programs\Python\Python312\Scripts\chromedriver.exe might not be compatible with the detected chrome version (124.0.6367.119); currently, chromedriver 124.0.6367.207 is recommended for chrome 124.*, so it is advised to delete the driver in PATH and retry</msg>
<arg>browser=Chrome</arg>
<doc>Opens a new browser instance to the optional ``url``.</doc>
<status status="PASS" start="2024-05-14T15:09:16.615667" elapsed="2.041959"/>
</kw>
<kw name="Maximize Browser Window" owner="SeleniumLibrary">
<doc>Maximizes current browser window.</doc>
<status status="PASS" start="2024-05-14T15:09:18.658622" elapsed="0.132306"/>
</kw>
<status status="PASS" start="2024-05-14T15:09:16.613674" elapsed="2.177254"/>
</kw>
<kw name="Acessar a home page do site QaCoders" owner="Qacoders_resourcesUsuarios">
<kw name="Go To" owner="SeleniumLibrary">
<msg time="2024-05-14T15:09:18.792850" level="INFO">Opening url 'https://automacao.qacoders-academy.com.br/login'</msg>
<arg>url=${URL}</arg>
<doc>Navigates the current browser window to the provided ``url``.</doc>
<status status="PASS" start="2024-05-14T15:09:18.791853" elapsed="3.879053"/>
</kw>
<kw name="Wait Until Element Is Visible" owner="SeleniumLibrary">
<arg>locator=//h3[contains(.,'Login')]</arg>
<doc>Waits until the element ``locator`` is visible.</doc>
<status status="PASS" start="2024-05-14T15:09:22.671905" elapsed="0.043883"/>
</kw>
<status status="PASS" start="2024-05-14T15:09:18.791853" elapsed="3.923935"/>
</kw>
<kw name="Digitar email válido" owner="Qacoders_resourcesUsuarios">
<kw name="Input Text" owner="SeleniumLibrary">
<msg time="2024-05-14T15:09:22.718779" level="INFO">Typing text 'sysadmin@qacoders.com' into text field 'email'.</msg>
<arg>locator=email</arg>
<arg>text=${EMAIL}</arg>
<doc>Types the given ``text`` into the text field identified by ``locator``.</doc>
<status status="PASS" start="2024-05-14T15:09:22.717791" elapsed="0.172708"/>
</kw>
<status status="PASS" start="2024-05-14T15:09:22.716786" elapsed="0.173713"/>
</kw>
<kw name="Digitar senha válida" owner="Qacoders_resourcesUsuarios">
<kw name="Input Text" owner="SeleniumLibrary">
<msg time="2024-05-14T15:09:22.892495" level="INFO">Typing text '1234@Test' into text field 'password'.</msg>
<arg>locator=password</arg>
<arg>text=${SENHA_ADM}</arg>
<doc>Types the given ``text`` into the text field identified by ``locator``.</doc>
<status status="PASS" start="2024-05-14T15:09:22.891497" elapsed="0.110271"/>
</kw>
<status status="PASS" start="2024-05-14T15:09:22.891497" elapsed="0.111259"/>
</kw>
<kw name="Clicar em Entrar" owner="Qacoders_resourcesUsuarios">
<kw name="Click Element" owner="SeleniumLibrary">
<msg time="2024-05-14T15:09:23.003751" level="INFO">Clicking element 'login'.</msg>
<arg>locator=login</arg>
<doc>Click the element identified by ``locator``.</doc>
<status status="PASS" start="2024-05-14T15:09:23.003751" elapsed="0.059186"/>
</kw>
<kw name="Wait Until Element Is Visible" owner="SeleniumLibrary">
<arg>locator=//span[@class='MuiTypography-root MuiTypography-body1 MuiListItemText-primary css-yb0lig'][contains(.,'Cadastros')]</arg>
<doc>Waits until the element ``locator`` is visible.</doc>
<status status="PASS" start="2024-05-14T15:09:23.062937" elapsed="2.174945"/>
</kw>
<status status="PASS" start="2024-05-14T15:09:23.002756" elapsed="2.235126"/>
</kw>
<kw name="Clicar no menu Cadastros" owner="Qacoders_resourcesUsuarios">
<kw name="Click Element" owner="SeleniumLibrary">
<msg time="2024-05-14T15:09:25.239876" level="INFO">Clicking element '//span[@class='MuiTypography-root MuiTypography-body1 MuiListItemText-primary css-yb0lig'][contains(.,'Cadastros')]'.</msg>
<arg>locator=//span[@class='MuiTypography-root MuiTypography-body1 MuiListItemText-primary css-yb0lig'][contains(.,'Cadastros')]</arg>
<doc>Click the element identified by ``locator``.</doc>
<status status="PASS" start="2024-05-14T15:09:25.238882" elapsed="0.067415"/>
</kw>
<status status="PASS" start="2024-05-14T15:09:25.238882" elapsed="0.067415"/>
</kw>
<kw name="Clicar no menu Usuarios" owner="Qacoders_resourcesUsuarios">
<kw name="Click Element" owner="SeleniumLibrary">
<msg time="2024-05-14T15:09:25.308293" level="INFO">Clicking element '//span[@class='MuiTypography-root MuiTypography-body1 MuiListItemText-primary css-yb0lig'][contains(.,'Usuários')]'.</msg>
<arg>locator=//span[@class='MuiTypography-root MuiTypography-body1 MuiListItemText-primary css-yb0lig'][contains(.,'Usuários')]</arg>
<doc>Click the element identified by ``locator``.</doc>
<status status="PASS" start="2024-05-14T15:09:25.307295" elapsed="0.060441"/>
</kw>
<kw name="Wait Until Element Is Visible" owner="SeleniumLibrary">
<arg>locator=//button[@class='css-fvzsut'][contains(.,'Novo Cadastro')]</arg>
<doc>Waits until the element ``locator`` is visible.</doc>
<status status="PASS" start="2024-05-14T15:09:25.368734" elapsed="0.674701"/>
</kw>
<status status="PASS" start="2024-05-14T15:09:25.307295" elapsed="0.736140"/>
</kw>
<kw name="Clicar em Logout" owner="Qacoders_resourcesUsuarios">
<kw name="Click Element" owner="SeleniumLibrary">
<msg time="2024-05-14T15:09:26.045430" level="INFO">Clicking element '//button[@class='css-1nvbq2d'][contains(.,'Logout')]'.</msg>
<arg>locator=//button[@class='css-1nvbq2d'][contains(.,'Logout')]</arg>
<doc>Click the element identified by ``locator``.</doc>
<status status="PASS" start="2024-05-14T15:09:26.044432" elapsed="0.048909"/>
</kw>
<kw name="Wait Until Element Is Visible" owner="SeleniumLibrary">
<arg>locator=//h3[contains(.,'Login')]</arg>
<doc>Waits until the element ``locator`` is visible.</doc>
<status status="PASS" start="2024-05-14T15:09:26.094461" elapsed="0.256529"/>
</kw>
<status status="PASS" start="2024-05-14T15:09:26.044432" elapsed="0.306558"/>
</kw>
<kw name="Fechar o navegador" owner="Qacoders_resourcesUsuarios" type="TEARDOWN">
<kw name="Capture Page Screenshot" owner="SeleniumLibrary">
<msg time="2024-05-14T15:09:26.446291" level="INFO" html="true">&lt;/td&gt;&lt;/tr&gt;&lt;tr&gt;&lt;td colspan="3"&gt;&lt;a href="selenium-screenshot-23.png"&gt;&lt;img src="selenium-screenshot-23.png" width="800px"&gt;&lt;/a&gt;</msg>
<doc>Takes a screenshot of the current page and embeds it into a log file.</doc>
<status status="PASS" start="2024-05-14T15:09:26.351988" elapsed="0.095303"/>
</kw>
<kw name="Close Browser" owner="SeleniumLibrary">
<doc>Closes the current browser.</doc>
<status status="PASS" start="2024-05-14T15:09:26.447291" elapsed="2.261220"/>
</kw>
<status status="PASS" start="2024-05-14T15:09:26.351988" elapsed="2.356523"/>
</kw>
<status status="PASS" start="2024-05-14T15:09:16.611658" elapsed="12.098853"/>
</test>
<doc>Essa suíte testa o cadastro de novos Usuários no site do Qa Coders/Academy</doc>
<status status="PASS" start="2024-05-14T15:06:37.630748" elapsed="171.083748"/>
</suite>
<statistics>
<total>
<stat pass="11" fail="0" skip="0">All Tests</stat>
</total>
<tag>
<stat pass="9" fail="0" skip="0">Cadastro usuário</stat>
</tag>
<suite>
<stat pass="11" fail="0" skip="0" id="s1" name="Qacoders usuarios">Qacoders usuarios</stat>
</suite>
</statistics>
<errors>
<msg time="2024-05-14T15:06:40.289048" level="WARN">The chromedriver version (123.0.6312.86) detected in PATH at C:\Users\Isabella\AppData\Local\Programs\Python\Python312\Scripts\chromedriver.exe might not be compatible with the detected chrome version (124.0.6367.119); currently, chromedriver 124.0.6367.207 is recommended for chrome 124.*, so it is advised to delete the driver in PATH and retry</msg>
<msg time="2024-05-14T15:06:54.100155" level="WARN">The chromedriver version (123.0.6312.86) detected in PATH at C:\Users\Isabella\AppData\Local\Programs\Python\Python312\Scripts\chromedriver.exe might not be compatible with the detected chrome version (124.0.6367.119); currently, chromedriver 124.0.6367.207 is recommended for chrome 124.*, so it is advised to delete the driver in PATH and retry</msg>
<msg time="2024-05-14T15:07:07.303273" level="WARN">The chromedriver version (123.0.6312.86) detected in PATH at C:\Users\Isabella\AppData\Local\Programs\Python\Python312\Scripts\chromedriver.exe might not be compatible with the detected chrome version (124.0.6367.119); currently, chromedriver 124.0.6367.207 is recommended for chrome 124.*, so it is advised to delete the driver in PATH and retry</msg>
<msg time="2024-05-14T15:07:20.424315" level="WARN">The chromedriver version (123.0.6312.86) detected in PATH at C:\Users\Isabella\AppData\Local\Programs\Python\Python312\Scripts\chromedriver.exe might not be compatible with the detected chrome version (124.0.6367.119); currently, chromedriver 124.0.6367.207 is recommended for chrome 124.*, so it is advised to delete the driver in PATH and retry</msg>
<msg time="2024-05-14T15:07:37.687427" level="WARN">The chromedriver version (123.0.6312.86) detected in PATH at C:\Users\Isabella\AppData\Local\Programs\Python\Python312\Scripts\chromedriver.exe might not be compatible with the detected chrome version (124.0.6367.119); currently, chromedriver 124.0.6367.207 is recommended for chrome 124.*, so it is advised to delete the driver in PATH and retry</msg>
<msg time="2024-05-14T15:07:53.646934" level="WARN">The chromedriver version (123.0.6312.86) detected in PATH at C:\Users\Isabella\AppData\Local\Programs\Python\Python312\Scripts\chromedriver.exe might not be compatible with the detected chrome version (124.0.6367.119); currently, chromedriver 124.0.6367.207 is recommended for chrome 124.*, so it is advised to delete the driver in PATH and retry</msg>
<msg time="2024-05-14T15:08:15.105865" level="WARN">The chromedriver version (123.0.6312.86) detected in PATH at C:\Users\Isabella\AppData\Local\Programs\Python\Python312\Scripts\chromedriver.exe might not be compatible with the detected chrome version (124.0.6367.119); currently, chromedriver 124.0.6367.207 is recommended for chrome 124.*, so it is advised to delete the driver in PATH and retry</msg>
<msg time="2024-05-14T15:08:28.512550" level="WARN">The chromedriver version (123.0.6312.86) detected in PATH at C:\Users\Isabella\AppData\Local\Programs\Python\Python312\Scripts\chromedriver.exe might not be compatible with the detected chrome version (124.0.6367.119); currently, chromedriver 124.0.6367.207 is recommended for chrome 124.*, so it is advised to delete the driver in PATH and retry</msg>
<msg time="2024-05-14T15:08:41.824836" level="WARN">The chromedriver version (123.0.6312.86) detected in PATH at C:\Users\Isabella\AppData\Local\Programs\Python\Python312\Scripts\chromedriver.exe might not be compatible with the detected chrome version (124.0.6367.119); currently, chromedriver 124.0.6367.207 is recommended for chrome 124.*, so it is advised to delete the driver in PATH and retry</msg>
<msg time="2024-05-14T15:09:03.530161" level="WARN">The chromedriver version (123.0.6312.86) detected in PATH at C:\Users\Isabella\AppData\Local\Programs\Python\Python312\Scripts\chromedriver.exe might not be compatible with the detected chrome version (124.0.6367.119); currently, chromedriver 124.0.6367.207 is recommended for chrome 124.*, so it is advised to delete the driver in PATH and retry</msg>
<msg time="2024-05-14T15:09:17.370935" level="WARN">The chromedriver version (123.0.6312.86) detected in PATH at C:\Users\Isabella\AppData\Local\Programs\Python\Python312\Scripts\chromedriver.exe might not be compatible with the detected chrome version (124.0.6367.119); currently, chromedriver 124.0.6367.207 is recommended for chrome 124.*, so it is advised to delete the driver in PATH and retry</msg>
</errors>
</robot>
