<?xml version="1.0" encoding="UTF-8"?>
<robot generator="Robot 7.0 (Python 3.12.2 on win32)" generated="2024-05-09T15:36:29.619204" rpa="false" schemaversion="5">
<suite id="s1" name="Qacoders login" source="c:\PROJETOS\Desenvolvimento\Chips-academy-front-robot\Qacoders_login.robot">
<test id="s1-t1" name="Caso de teste 01: Login admin com sucesso" line="8">
<kw name="Abrir o navegador" owner="Qacoders_resourcesLogin" type="SETUP">
<kw name="Open Browser" owner="SeleniumLibrary">
<msg time="2024-05-09T15:36:29.992866" level="INFO">Opening browser 'Edge' to base url 'None'.</msg>
<arg>browser=Edge</arg>
<doc>Opens a new browser instance to the optional ``url``.</doc>
<status status="PASS" start="2024-05-09T15:36:29.992866" elapsed="2.923351"/>
</kw>
<status status="PASS" start="2024-05-09T15:36:29.990872" elapsed="2.925345"/>
</kw>
<kw name="Acessar a home page do site QaCoders" owner="Qacoders_resourcesLogin">
<kw name="Go To" owner="SeleniumLibrary">
<msg time="2024-05-09T15:36:32.939156" level="INFO">Opening url 'https://automacao.qacoders-academy.com.br/login'</msg>
<arg>url=${URL}</arg>
<doc>Navigates the current browser window to the provided ``url``.</doc>
<status status="PASS" start="2024-05-09T15:36:32.937162" elapsed="3.114672"/>
</kw>
<kw name="Wait Until Element Is Visible" owner="SeleniumLibrary">
<arg>locator=${LOGIN}</arg>
<doc>Waits until the element ``locator`` is visible.</doc>
<status status="PASS" start="2024-05-09T15:36:36.051834" elapsed="0.183599"/>
</kw>
<status status="PASS" start="2024-05-09T15:36:32.936164" elapsed="3.299269"/>
</kw>
<kw name="Digitar email válido" owner="Qacoders_resourcesLogin">
<kw name="Input Text" owner="SeleniumLibrary">
<msg time="2024-05-09T15:36:36.237435" level="INFO">Typing text 'sysadmin@qacoders.com' into text field 'email'.</msg>
<arg>locator=email</arg>
<arg>text=${EMAIL_ADM}</arg>
<doc>Types the given ``text`` into the text field identified by ``locator``.</doc>
<status status="PASS" start="2024-05-09T15:36:36.236467" elapsed="0.310104"/>
</kw>
<status status="PASS" start="2024-05-09T15:36:36.236467" elapsed="0.311070"/>
</kw>
<kw name="Digitar senha válida" owner="Qacoders_resourcesLogin">
<kw name="Input Text" owner="SeleniumLibrary">
<msg time="2024-05-09T15:36:36.549535" level="INFO">Typing text '1234@Test' into text field 'password'.</msg>
<arg>locator=password</arg>
<arg>text=${SENHA_ADM}</arg>
<doc>Types the given ``text`` into the text field identified by ``locator``.</doc>
<status status="PASS" start="2024-05-09T15:36:36.548540" elapsed="0.170099"/>
</kw>
<status status="PASS" start="2024-05-09T15:36:36.548540" elapsed="0.170099"/>
</kw>
<kw name="Clicar em Entrar" owner="Qacoders_resourcesLogin">
<kw name="Click Element" owner="SeleniumLibrary">
<msg time="2024-05-09T15:36:36.720147" level="INFO">Clicking element 'login'.</msg>
<arg>locator=login</arg>
<doc>Click the element identified by ``locator``.</doc>
<status status="PASS" start="2024-05-09T15:36:36.718639" elapsed="0.073353"/>
</kw>
<status status="PASS" start="2024-05-09T15:36:36.718639" elapsed="0.074349"/>
</kw>
<kw name="Fechar o navegador" owner="Qacoders_resourcesLogin" type="TEARDOWN">
<kw name="Capture Page Screenshot" owner="SeleniumLibrary">
<msg time="2024-05-09T15:36:36.943137" level="INFO" html="true">&lt;/td&gt;&lt;/tr&gt;&lt;tr&gt;&lt;td colspan="3"&gt;&lt;a href="selenium-screenshot-1.png"&gt;&lt;img src="selenium-screenshot-1.png" width="800px"&gt;&lt;/a&gt;</msg>
<doc>Takes a screenshot of the current page and embeds it into a log file.</doc>
<status status="PASS" start="2024-05-09T15:36:36.794980" elapsed="0.148157"/>
</kw>
<kw name="Close Browser" owner="SeleniumLibrary">
<doc>Closes the current browser.</doc>
<status status="PASS" start="2024-05-09T15:36:36.943137" elapsed="2.285443"/>
</kw>
<status status="PASS" start="2024-05-09T15:36:36.793985" elapsed="2.435603"/>
</kw>
<tag>login</tag>
<status status="PASS" start="2024-05-09T15:36:29.989871" elapsed="9.240715"/>
</test>
<doc>Essa suíte testa o Login do site do Qa Coders/Academy</doc>
<status status="PASS" start="2024-05-09T15:36:29.628183" elapsed="9.606388"/>
</suite>
<statistics>
<total>
<stat pass="1" fail="0" skip="0">All Tests</stat>
</total>
<tag>
<stat pass="1" fail="0" skip="0">login</stat>
</tag>
<suite>
<stat pass="1" fail="0" skip="0" id="s1" name="Qacoders login">Qacoders login</stat>
</suite>
</statistics>
<errors>
</errors>
</robot>
